[     584ms] [INFO] %cDownload the React DevTools for a better development experience: https://react.dev/link/react-devtools font-weight:bold @ http://localhost:3000/_next/static/chunks/02_9_next_dist_0hfteu1._.js:2431
[     742ms] [LOG] [HMR] connected @ http://localhost:3000/_next/static/chunks/02_9_next_dist_0hfteu1._.js:2431
[     983ms] [LOG] [Fast Refresh] rebuilding @ http://localhost:3000/_next/static/chunks/02_9_next_dist_0hfteu1._.js:2431
[    1046ms] [LOG] [Fast Refresh] done in 173ms @ http://localhost:3000/_next/static/chunks/02_9_next_dist_0hfteu1._.js:2431
[   23137ms] [LOG] [Fast Refresh] rebuilding @ http://localhost:3000/_next/static/chunks/02_9_next_dist_0hfteu1._.js:2431
[   23202ms] [LOG] [Fast Refresh] done in 168ms @ http://localhost:3000/_next/static/chunks/02_9_next_dist_0hfteu1._.js:2431
[   31542ms] [LOG] [Fast Refresh] rebuilding @ http://localhost:3000/_next/static/chunks/02_9_next_dist_0hfteu1._.js:2431
[   31613ms] [LOG] [Fast Refresh] done in 174ms @ http://localhost:3000/_next/static/chunks/02_9_next_dist_0hfteu1._.js:2431
[   38970ms] [LOG] [Fast Refresh] rebuilding @ http://localhost:3000/_next/static/chunks/02_9_next_dist_0hfteu1._.js:2431
[   38978ms] [LOG] [Fast Refresh] done in 108ms @ http://localhost:3000/_next/static/chunks/02_9_next_dist_0hfteu1._.js:2431
[   40699ms] [LOG] [Fast Refresh] rebuilding @ http://localhost:3000/_next/static/chunks/02_9_next_dist_0hfteu1._.js:2431
[   40718ms] [LOG] [Fast Refresh] done in 127ms @ http://localhost:3000/_next/static/chunks/02_9_next_dist_0hfteu1._.js:2431
[   62317ms] [ERROR] %o

%s Error: ErrorEvent
    at resolveErrorDev (http://localhost:3000/_next/static/chunks/02_9_next_dist_compiled_react-server-dom-turbopack_0ndj-0c._.js:1919:150)
    at processFullStringRow (http://localhost:3000/_next/static/chunks/02_9_next_dist_compiled_react-server-dom-turbopack_0ndj-0c._.js:2434:29)
    at processFullBinaryRow (http://localhost:3000/_next/static/chunks/02_9_next_dist_compiled_react-server-dom-turbopack_0ndj-0c._.js:2393:9)
    at processBinaryChunk (http://localhost:3000/_next/static/chunks/02_9_next_dist_compiled_react-server-dom-turbopack_0ndj-0c._.js:2502:221)
    at progress (http://localhost:3000/_next/static/chunks/02_9_next_dist_compiled_react-server-dom-turbopack_0ndj-0c._.js:2689:13) The above error occurred in the <ExecutiveSummaryPage> component. It was handled by the <ErrorBoundary> error boundary. @ http://localhost:3000/_next/static/chunks/02_9_next_dist_client_0n9mnch._.js:1998
[   62319ms] [ERROR] Uncaught error: Error: ErrorEvent
    at resolveErrorDev (http://localhost:3000/_next/static/chunks/02_9_next_dist_compiled_react-server-dom-turbopack_0ndj-0c._.js:1919:150)
    at processFullStringRow (http://localhost:3000/_next/static/chunks/02_9_next_dist_compiled_react-server-dom-turbopack_0ndj-0c._.js:2434:29)
    at processFullBinaryRow (http://localhost:3000/_next/static/chunks/02_9_next_dist_compiled_react-server-dom-turbopack_0ndj-0c._.js:2393:9)
    at processBinaryChunk (http://localhost:3000/_next/static/chunks/02_9_next_dist_compiled_react-server-dom-turbopack_0ndj-0c._.js:2502:221)
    at progress (http://localhost:3000/_next/static/chunks/02_9_next_dist_compiled_react-server-dom-turbopack_0ndj-0c._.js:2689:13) {componentStack: 
    at ExecutiveSummaryPage (about://React/Server…unks/02_9_next_dist_client_0n9mnch._.js:15096:17)} @ http://localhost:3000/_next/static/chunks/02_9_next_dist_0hfteu1._.js:3272
[   63815ms] [LOG] [Fast Refresh] rebuilding @ http://localhost:3000/_next/static/chunks/02_9_next_dist_0hfteu1._.js:2431
[   63880ms] [LOG] [Fast Refresh] done in 168ms @ http://localhost:3000/_next/static/chunks/02_9_next_dist_0hfteu1._.js:2431
[  116668ms] [ERROR] %o

%s Error: ErrorEvent
    at resolveErrorDev (http://localhost:3000/_next/static/chunks/02_9_next_dist_compiled_react-server-dom-turbopack_0ndj-0c._.js:1919:150)
    at processFullStringRow (http://localhost:3000/_next/static/chunks/02_9_next_dist_compiled_react-server-dom-turbopack_0ndj-0c._.js:2434:29)
    at processFullBinaryRow (http://localhost:3000/_next/static/chunks/02_9_next_dist_compiled_react-server-dom-turbopack_0ndj-0c._.js:2393:9)
    at processBinaryChunk (http://localhost:3000/_next/static/chunks/02_9_next_dist_compiled_react-server-dom-turbopack_0ndj-0c._.js:2502:221)
    at progress (http://localhost:3000/_next/static/chunks/02_9_next_dist_compiled_react-server-dom-turbopack_0ndj-0c._.js:2689:13) The above error occurred in the <ExecutiveSummaryPage> component. It was handled by the <ErrorBoundary> error boundary. @ http://localhost:3000/_next/static/chunks/02_9_next_dist_client_0n9mnch._.js:1998
[  116668ms] [ERROR] Uncaught error: Error: ErrorEvent
    at resolveErrorDev (http://localhost:3000/_next/static/chunks/02_9_next_dist_compiled_react-server-dom-turbopack_0ndj-0c._.js:1919:150)
    at processFullStringRow (http://localhost:3000/_next/static/chunks/02_9_next_dist_compiled_react-server-dom-turbopack_0ndj-0c._.js:2434:29)
    at processFullBinaryRow (http://localhost:3000/_next/static/chunks/02_9_next_dist_compiled_react-server-dom-turbopack_0ndj-0c._.js:2393:9)
    at processBinaryChunk (http://localhost:3000/_next/static/chunks/02_9_next_dist_compiled_react-server-dom-turbopack_0ndj-0c._.js:2502:221)
    at progress (http://localhost:3000/_next/static/chunks/02_9_next_dist_compiled_react-server-dom-turbopack_0ndj-0c._.js:2689:13) {componentStack: 
    at ExecutiveSummaryPage (about://React/Server…unks/02_9_next_dist_client_0n9mnch._.js:15096:17)} @ http://localhost:3000/_next/static/chunks/02_9_next_dist_0hfteu1._.js:3272
[  120108ms] [ERROR] %o

%s Error: ErrorEvent
    at resolveErrorDev (http://localhost:3000/_next/static/chunks/02_9_next_dist_compiled_react-server-dom-turbopack_0ndj-0c._.js:1919:150)
    at processFullStringRow (http://localhost:3000/_next/static/chunks/02_9_next_dist_compiled_react-server-dom-turbopack_0ndj-0c._.js:2434:29)
    at processFullBinaryRow (http://localhost:3000/_next/static/chunks/02_9_next_dist_compiled_react-server-dom-turbopack_0ndj-0c._.js:2393:9)
    at processBinaryChunk (http://localhost:3000/_next/static/chunks/02_9_next_dist_compiled_react-server-dom-turbopack_0ndj-0c._.js:2502:221)
    at progress (http://localhost:3000/_next/static/chunks/02_9_next_dist_compiled_react-server-dom-turbopack_0ndj-0c._.js:2689:13) The above error occurred in the <ReportsPage> component. It was handled by the <ErrorBoundary> error boundary. @ http://localhost:3000/_next/static/chunks/02_9_next_dist_client_0n9mnch._.js:1998
[  120109ms] [ERROR] Uncaught error: Error: ErrorEvent
    at resolveErrorDev (http://localhost:3000/_next/static/chunks/02_9_next_dist_compiled_react-server-dom-turbopack_0ndj-0c._.js:1919:150)
    at processFullStringRow (http://localhost:3000/_next/static/chunks/02_9_next_dist_compiled_react-server-dom-turbopack_0ndj-0c._.js:2434:29)
    at processFullBinaryRow (http://localhost:3000/_next/static/chunks/02_9_next_dist_compiled_react-server-dom-turbopack_0ndj-0c._.js:2393:9)
    at processBinaryChunk (http://localhost:3000/_next/static/chunks/02_9_next_dist_compiled_react-server-dom-turbopack_0ndj-0c._.js:2502:221)
    at progress (http://localhost:3000/_next/static/chunks/02_9_next_dist_compiled_react-server-dom-turbopack_0ndj-0c._.js:2689:13) {componentStack: 
    at ReportsPage (about://React/Server/D:%5CKer…unks/02_9_next_dist_client_0n9mnch._.js:15096:17)} @ http://localhost:3000/_next/static/chunks/02_9_next_dist_0hfteu1._.js:3272
[  121062ms] [ERROR] %o

%s Error: ErrorEvent
    at resolveErrorDev (http://localhost:3000/_next/static/chunks/02_9_next_dist_compiled_react-server-dom-turbopack_0ndj-0c._.js:1919:150)
    at processFullStringRow (http://localhost:3000/_next/static/chunks/02_9_next_dist_compiled_react-server-dom-turbopack_0ndj-0c._.js:2434:29)
    at processFullBinaryRow (http://localhost:3000/_next/static/chunks/02_9_next_dist_compiled_react-server-dom-turbopack_0ndj-0c._.js:2393:9)
    at processBinaryChunk (http://localhost:3000/_next/static/chunks/02_9_next_dist_compiled_react-server-dom-turbopack_0ndj-0c._.js:2502:221)
    at progress (http://localhost:3000/_next/static/chunks/02_9_next_dist_compiled_react-server-dom-turbopack_0ndj-0c._.js:2689:13) The above error occurred in the <ReportsPage> component. It was handled by the <ErrorBoundary> error boundary. @ http://localhost:3000/_next/static/chunks/02_9_next_dist_client_0n9mnch._.js:1998
[  121063ms] [ERROR] Uncaught error: Error: ErrorEvent
    at resolveErrorDev (http://localhost:3000/_next/static/chunks/02_9_next_dist_compiled_react-server-dom-turbopack_0ndj-0c._.js:1919:150)
    at processFullStringRow (http://localhost:3000/_next/static/chunks/02_9_next_dist_compiled_react-server-dom-turbopack_0ndj-0c._.js:2434:29)
    at processFullBinaryRow (http://localhost:3000/_next/static/chunks/02_9_next_dist_compiled_react-server-dom-turbopack_0ndj-0c._.js:2393:9)
    at processBinaryChunk (http://localhost:3000/_next/static/chunks/02_9_next_dist_compiled_react-server-dom-turbopack_0ndj-0c._.js:2502:221)
    at progress (http://localhost:3000/_next/static/chunks/02_9_next_dist_compiled_react-server-dom-turbopack_0ndj-0c._.js:2689:13) {componentStack: 
    at ReportsPage (about://React/Server/D:%5CKer…unks/02_9_next_dist_client_0n9mnch._.js:15096:17)} @ http://localhost:3000/_next/static/chunks/02_9_next_dist_0hfteu1._.js:3272
[  127447ms] [ERROR] %o

%s Error: ErrorEvent
    at resolveErrorDev (http://localhost:3000/_next/static/chunks/02_9_next_dist_compiled_react-server-dom-turbopack_0ndj-0c._.js:1919:150)
    at processFullStringRow (http://localhost:3000/_next/static/chunks/02_9_next_dist_compiled_react-server-dom-turbopack_0ndj-0c._.js:2434:29)
    at processFullBinaryRow (http://localhost:3000/_next/static/chunks/02_9_next_dist_compiled_react-server-dom-turbopack_0ndj-0c._.js:2393:9)
    at processBinaryChunk (http://localhost:3000/_next/static/chunks/02_9_next_dist_compiled_react-server-dom-turbopack_0ndj-0c._.js:2502:221)
    at progress (http://localhost:3000/_next/static/chunks/02_9_next_dist_compiled_react-server-dom-turbopack_0ndj-0c._.js:2689:13) The above error occurred in the <RtmPage> component. It was handled by the <ErrorBoundary> error boundary. @ http://localhost:3000/_next/static/chunks/02_9_next_dist_client_0n9mnch._.js:1998
[  127448ms] [ERROR] Uncaught error: Error: ErrorEvent
    at resolveErrorDev (http://localhost:3000/_next/static/chunks/02_9_next_dist_compiled_react-server-dom-turbopack_0ndj-0c._.js:1919:150)
    at processFullStringRow (http://localhost:3000/_next/static/chunks/02_9_next_dist_compiled_react-server-dom-turbopack_0ndj-0c._.js:2434:29)
    at processFullBinaryRow (http://localhost:3000/_next/static/chunks/02_9_next_dist_compiled_react-server-dom-turbopack_0ndj-0c._.js:2393:9)
    at processBinaryChunk (http://localhost:3000/_next/static/chunks/02_9_next_dist_compiled_react-server-dom-turbopack_0ndj-0c._.js:2502:221)
    at progress (http://localhost:3000/_next/static/chunks/02_9_next_dist_compiled_react-server-dom-turbopack_0ndj-0c._.js:2689:13) {componentStack: 
    at RtmPage (about://React/Server/D:%5CKerjaan…unks/02_9_next_dist_client_0n9mnch._.js:15096:17)} @ http://localhost:3000/_next/static/chunks/02_9_next_dist_0hfteu1._.js:3272
[  268144ms] [LOG] [Fast Refresh] rebuilding @ http://localhost:3000/_next/static/chunks/02_9_next_dist_0hfteu1._.js:2431
[  269555ms] [LOG] [Fast Refresh] done in 1507ms @ http://localhost:3000/_next/static/chunks/02_9_next_dist_0hfteu1._.js:2431
[  269733ms] [LOG] [Fast Refresh] rebuilding @ http://localhost:3000/_next/static/chunks/02_9_next_dist_0hfteu1._.js:2431
[  269937ms] [LOG] [Fast Refresh] done in 308ms @ http://localhost:3000/_next/static/chunks/02_9_next_dist_0hfteu1._.js:2431
[  270231ms] [LOG] [Fast Refresh] rebuilding @ http://localhost:3000/_next/static/chunks/02_9_next_dist_0hfteu1._.js:2431
[  270368ms] [LOG] [Fast Refresh] done in 241ms @ http://localhost:3000/_next/static/chunks/02_9_next_dist_0hfteu1._.js:2431
[  270516ms] [LOG] [Fast Refresh] rebuilding @ http://localhost:3000/_next/static/chunks/02_9_next_dist_0hfteu1._.js:2431
[  270521ms] [LOG] [Fast Refresh] done in 115ms @ http://localhost:3000/_next/static/chunks/02_9_next_dist_0hfteu1._.js:2431
[  270647ms] [LOG] [Fast Refresh] rebuilding @ http://localhost:3000/_next/static/chunks/02_9_next_dist_0hfteu1._.js:2431
[  270662ms] [LOG] [Fast Refresh] done in 118ms @ http://localhost:3000/_next/static/chunks/02_9_next_dist_0hfteu1._.js:2431
[  270812ms] [LOG] [Fast Refresh] rebuilding @ http://localhost:3000/_next/static/chunks/02_9_next_dist_0hfteu1._.js:2431
[  270921ms] [LOG] [Fast Refresh] done in 210ms @ http://localhost:3000/_next/static/chunks/02_9_next_dist_0hfteu1._.js:2431
[  271483ms] [LOG] [Fast Refresh] rebuilding @ http://localhost:3000/_next/static/chunks/02_9_next_dist_0hfteu1._.js:2431
[  271593ms] [LOG] [Fast Refresh] done in 211ms @ http://localhost:3000/_next/static/chunks/02_9_next_dist_0hfteu1._.js:2431
[  272189ms] [LOG] [Fast Refresh] rebuilding @ http://localhost:3000/_next/static/chunks/02_9_next_dist_0hfteu1._.js:2431
[  272278ms] [LOG] [Fast Refresh] done in 190ms @ http://localhost:3000/_next/static/chunks/02_9_next_dist_0hfteu1._.js:2431
[  272758ms] [LOG] [Fast Refresh] rebuilding @ http://localhost:3000/_next/static/chunks/02_9_next_dist_0hfteu1._.js:2431
[  272802ms] [LOG] [Fast Refresh] done in 147ms @ http://localhost:3000/_next/static/chunks/02_9_next_dist_0hfteu1._.js:2431
[  273169ms] [LOG] [Fast Refresh] rebuilding @ http://localhost:3000/_next/static/chunks/02_9_next_dist_0hfteu1._.js:2431
[  273173ms] [LOG] [Fast Refresh] done in 105ms @ http://localhost:3000/_next/static/chunks/02_9_next_dist_0hfteu1._.js:2431
[  273329ms] [LOG] [Fast Refresh] rebuilding @ http://localhost:3000/_next/static/chunks/02_9_next_dist_0hfteu1._.js:2431
[  273395ms] [LOG] [Fast Refresh] done in 173ms @ http://localhost:3000/_next/static/chunks/02_9_next_dist_0hfteu1._.js:2431
[  273794ms] [LOG] [Fast Refresh] rebuilding @ http://localhost:3000/_next/static/chunks/02_9_next_dist_0hfteu1._.js:2431
[  273804ms] [LOG] [Fast Refresh] done in 116ms @ http://localhost:3000/_next/static/chunks/02_9_next_dist_0hfteu1._.js:2431
[  274094ms] [LOG] [Fast Refresh] rebuilding @ http://localhost:3000/_next/static/chunks/02_9_next_dist_0hfteu1._.js:2431
[  274111ms] [LOG] [Fast Refresh] done in 122ms @ http://localhost:3000/_next/static/chunks/02_9_next_dist_0hfteu1._.js:2431
[  274215ms] [LOG] [Fast Refresh] rebuilding @ http://localhost:3000/_next/static/chunks/02_9_next_dist_0hfteu1._.js:2431
[  274461ms] [LOG] [Fast Refresh] done in 347ms @ http://localhost:3000/_next/static/chunks/02_9_next_dist_0hfteu1._.js:2431
[  274608ms] [LOG] [Fast Refresh] rebuilding @ http://localhost:3000/_next/static/chunks/02_9_next_dist_0hfteu1._.js:2431
[  274615ms] [LOG] [Fast Refresh] done in 107ms @ http://localhost:3000/_next/static/chunks/02_9_next_dist_0hfteu1._.js:2431
[  275029ms] [LOG] [Fast Refresh] rebuilding @ http://localhost:3000/_next/static/chunks/02_9_next_dist_0hfteu1._.js:2431
[  275030ms] [LOG] [Fast Refresh] done in 114ms @ http://localhost:3000/_next/static/chunks/02_9_next_dist_0hfteu1._.js:2431
[  275744ms] [LOG] [Fast Refresh] rebuilding @ http://localhost:3000/_next/static/chunks/02_9_next_dist_0hfteu1._.js:2431
[  275752ms] [LOG] [Fast Refresh] done in 116ms @ http://localhost:3000/_next/static/chunks/02_9_next_dist_0hfteu1._.js:2431
[  276079ms] [LOG] [Fast Refresh] rebuilding @ http://localhost:3000/_next/static/chunks/02_9_next_dist_0hfteu1._.js:2431
[  276089ms] [LOG] [Fast Refresh] done in 115ms @ http://localhost:3000/_next/static/chunks/02_9_next_dist_0hfteu1._.js:2431
[  276224ms] [LOG] [Fast Refresh] rebuilding @ http://localhost:3000/_next/static/chunks/02_9_next_dist_0hfteu1._.js:2431
[  276264ms] [LOG] [Fast Refresh] done in 144ms @ http://localhost:3000/_next/static/chunks/02_9_next_dist_0hfteu1._.js:2431
[  276408ms] [LOG] [Fast Refresh] rebuilding @ http://localhost:3000/_next/static/chunks/02_9_next_dist_0hfteu1._.js:2431
[  276494ms] [LOG] [Fast Refresh] done in 194ms @ http://localhost:3000/_next/static/chunks/02_9_next_dist_0hfteu1._.js:2431
[  277075ms] [LOG] [Fast Refresh] rebuilding @ http://localhost:3000/_next/static/chunks/02_9_next_dist_0hfteu1._.js:2431
[  277105ms] [LOG] [Fast Refresh] done in 134ms @ http://localhost:3000/_next/static/chunks/02_9_next_dist_0hfteu1._.js:2431
[  277208ms] [LOG] [Fast Refresh] rebuilding @ http://localhost:3000/_next/static/chunks/02_9_next_dist_0hfteu1._.js:2431
[  277246ms] [LOG] [Fast Refresh] done in 139ms @ http://localhost:3000/_next/static/chunks/02_9_next_dist_0hfteu1._.js:2431
[  277353ms] [LOG] [Fast Refresh] rebuilding @ http://localhost:3000/_next/static/chunks/02_9_next_dist_0hfteu1._.js:2431
[  277372ms] [LOG] [Fast Refresh] done in 126ms @ http://localhost:3000/_next/static/chunks/02_9_next_dist_0hfteu1._.js:2431
[  277491ms] [LOG] [Fast Refresh] rebuilding @ http://localhost:3000/_next/static/chunks/02_9_next_dist_0hfteu1._.js:2431
[  277523ms] [LOG] [Fast Refresh] done in 134ms @ http://localhost:3000/_next/static/chunks/02_9_next_dist_0hfteu1._.js:2431
[  278305ms] [LOG] [Fast Refresh] rebuilding @ http://localhost:3000/_next/static/chunks/02_9_next_dist_0hfteu1._.js:2431
[  278314ms] [LOG] [Fast Refresh] done in 110ms @ http://localhost:3000/_next/static/chunks/02_9_next_dist_0hfteu1._.js:2431
[  278535ms] [LOG] [Fast Refresh] rebuilding @ http://localhost:3000/_next/static/chunks/02_9_next_dist_0hfteu1._.js:2431
[  278535ms] [LOG] [Fast Refresh] done in 105ms @ http://localhost:3000/_next/static/chunks/02_9_next_dist_0hfteu1._.js:2431
[  278666ms] [LOG] [Fast Refresh] rebuilding @ http://localhost:3000/_next/static/chunks/02_9_next_dist_0hfteu1._.js:2431
[  278668ms] [LOG] [Fast Refresh] done in 105ms @ http://localhost:3000/_next/static/chunks/02_9_next_dist_0hfteu1._.js:2431
[  279948ms] [LOG] [Fast Refresh] rebuilding @ http://localhost:3000/_next/static/chunks/02_9_next_dist_0hfteu1._.js:2431
[  279950ms] [LOG] [Fast Refresh] done in 103ms @ http://localhost:3000/_next/static/chunks/02_9_next_dist_0hfteu1._.js:2431
[  280091ms] [LOG] [Fast Refresh] rebuilding @ http://localhost:3000/_next/static/chunks/02_9_next_dist_0hfteu1._.js:2431
[  280095ms] [LOG] [Fast Refresh] done in 109ms @ http://localhost:3000/_next/static/chunks/02_9_next_dist_0hfteu1._.js:2431
[  291145ms] [LOG] [Fast Refresh] rebuilding @ http://localhost:3000/_next/static/chunks/02_9_next_dist_0hfteu1._.js:2431
[  292341ms] [LOG] [Fast Refresh] done in 1301ms @ http://localhost:3000/_next/static/chunks/02_9_next_dist_0hfteu1._.js:2431
[  292514ms] [LOG] [Fast Refresh] rebuilding @ http://localhost:3000/_next/static/chunks/02_9_next_dist_0hfteu1._.js:2431
[  292751ms] [LOG] [Fast Refresh] done in 343ms @ http://localhost:3000/_next/static/chunks/02_9_next_dist_0hfteu1._.js:2431
[  292890ms] [LOG] [Fast Refresh] rebuilding @ http://localhost:3000/_next/static/chunks/02_9_next_dist_0hfteu1._.js:2431
[  293183ms] [LOG] [Fast Refresh] done in 394ms @ http://localhost:3000/_next/static/chunks/02_9_next_dist_0hfteu1._.js:2431
[  293312ms] [LOG] [Fast Refresh] rebuilding @ http://localhost:3000/_next/static/chunks/02_9_next_dist_0hfteu1._.js:2431
[  293325ms] [LOG] [Fast Refresh] done in 114ms @ http://localhost:3000/_next/static/chunks/02_9_next_dist_0hfteu1._.js:2431
[  293735ms] [LOG] [Fast Refresh] rebuilding @ http://localhost:3000/_next/static/chunks/02_9_next_dist_0hfteu1._.js:2431
[  293795ms] [LOG] [Fast Refresh] done in 161ms @ http://localhost:3000/_next/static/chunks/02_9_next_dist_0hfteu1._.js:2431
[  293912ms] [LOG] [Fast Refresh] rebuilding @ http://localhost:3000/_next/static/chunks/02_9_next_dist_0hfteu1._.js:2431
[  293936ms] [LOG] [Fast Refresh] done in 129ms @ http://localhost:3000/_next/static/chunks/02_9_next_dist_0hfteu1._.js:2431
[  294042ms] [LOG] [Fast Refresh] rebuilding @ http://localhost:3000/_next/static/chunks/02_9_next_dist_0hfteu1._.js:2431
[  294055ms] [LOG] [Fast Refresh] done in 118ms @ http://localhost:3000/_next/static/chunks/02_9_next_dist_0hfteu1._.js:2431
[  294380ms] [LOG] [Fast Refresh] rebuilding @ http://localhost:3000/_next/static/chunks/02_9_next_dist_0hfteu1._.js:2431
[  294444ms] [LOG] [Fast Refresh] done in 175ms @ http://localhost:3000/_next/static/chunks/02_9_next_dist_0hfteu1._.js:2431
[  294644ms] [LOG] [Fast Refresh] rebuilding @ http://localhost:3000/_next/static/chunks/02_9_next_dist_0hfteu1._.js:2431
[  294660ms] [LOG] [Fast Refresh] done in 117ms @ http://localhost:3000/_next/static/chunks/02_9_next_dist_0hfteu1._.js:2431
[  294843ms] [LOG] [Fast Refresh] rebuilding @ http://localhost:3000/_next/static/chunks/02_9_next_dist_0hfteu1._.js:2431
[  294859ms] [LOG] [Fast Refresh] done in 122ms @ http://localhost:3000/_next/static/chunks/02_9_next_dist_0hfteu1._.js:2431
[  294960ms] [LOG] [Fast Refresh] rebuilding @ http://localhost:3000/_next/static/chunks/02_9_next_dist_0hfteu1._.js:2431
[  295023ms] [LOG] [Fast Refresh] done in 164ms @ http://localhost:3000/_next/static/chunks/02_9_next_dist_0hfteu1._.js:2431
[  295163ms] [LOG] [Fast Refresh] rebuilding @ http://localhost:3000/_next/static/chunks/02_9_next_dist_0hfteu1._.js:2431
[  295319ms] [LOG] [Fast Refresh] done in 265ms @ http://localhost:3000/_next/static/chunks/02_9_next_dist_0hfteu1._.js:2431
[  295463ms] [LOG] [Fast Refresh] rebuilding @ http://localhost:3000/_next/static/chunks/02_9_next_dist_0hfteu1._.js:2431
[  295468ms] [LOG] [Fast Refresh] done in 110ms @ http://localhost:3000/_next/static/chunks/02_9_next_dist_0hfteu1._.js:2431
[  295587ms] [LOG] [Fast Refresh] rebuilding @ http://localhost:3000/_next/static/chunks/02_9_next_dist_0hfteu1._.js:2431
[  295618ms] [LOG] [Fast Refresh] done in 132ms @ http://localhost:3000/_next/static/chunks/02_9_next_dist_0hfteu1._.js:2431
[  295876ms] [LOG] [Fast Refresh] rebuilding @ http://localhost:3000/_next/static/chunks/02_9_next_dist_0hfteu1._.js:2431
[  295930ms] [LOG] [Fast Refresh] done in 157ms @ http://localhost:3000/_next/static/chunks/02_9_next_dist_0hfteu1._.js:2431
[  296204ms] [LOG] [Fast Refresh] rebuilding @ http://localhost:3000/_next/static/chunks/02_9_next_dist_0hfteu1._.js:2431
[  296213ms] [LOG] [Fast Refresh] done in 109ms @ http://localhost:3000/_next/static/chunks/02_9_next_dist_0hfteu1._.js:2431
[  296346ms] [LOG] [Fast Refresh] rebuilding @ http://localhost:3000/_next/static/chunks/02_9_next_dist_0hfteu1._.js:2431
[  296387ms] [LOG] [Fast Refresh] done in 141ms @ http://localhost:3000/_next/static/chunks/02_9_next_dist_0hfteu1._.js:2431
[  296490ms] [LOG] [Fast Refresh] rebuilding @ http://localhost:3000/_next/static/chunks/02_9_next_dist_0hfteu1._.js:2431
[  296989ms] [LOG] [Fast Refresh] done in 304ms @ http://localhost:3000/_next/static/chunks/02_9_next_dist_0hfteu1._.js:2431
[  297105ms] [LOG] [Fast Refresh] rebuilding @ http://localhost:3000/_next/static/chunks/02_9_next_dist_0hfteu1._.js:2431
[  297117ms] [LOG] [Fast Refresh] done in 120ms @ http://localhost:3000/_next/static/chunks/02_9_next_dist_0hfteu1._.js:2431
[  297243ms] [LOG] [Fast Refresh] rebuilding @ http://localhost:3000/_next/static/chunks/02_9_next_dist_0hfteu1._.js:2431
[  297288ms] [LOG] [Fast Refresh] done in 146ms @ http://localhost:3000/_next/static/chunks/02_9_next_dist_0hfteu1._.js:2431
[  297656ms] [LOG] [Fast Refresh] rebuilding @ http://localhost:3000/_next/static/chunks/02_9_next_dist_0hfteu1._.js:2431
[  297697ms] [LOG] [Fast Refresh] done in 151ms @ http://localhost:3000/_next/static/chunks/02_9_next_dist_0hfteu1._.js:2431
[  297877ms] [LOG] [Fast Refresh] rebuilding @ http://localhost:3000/_next/static/chunks/02_9_next_dist_0hfteu1._.js:2431
[  297885ms] [LOG] [Fast Refresh] done in 110ms @ http://localhost:3000/_next/static/chunks/02_9_next_dist_0hfteu1._.js:2431
[  298009ms] [LOG] [Fast Refresh] rebuilding @ http://localhost:3000/_next/static/chunks/02_9_next_dist_0hfteu1._.js:2431
[  298025ms] [LOG] [Fast Refresh] done in 116ms @ http://localhost:3000/_next/static/chunks/02_9_next_dist_0hfteu1._.js:2431
[  298133ms] [LOG] [Fast Refresh] rebuilding @ http://localhost:3000/_next/static/chunks/02_9_next_dist_0hfteu1._.js:2431
[  298174ms] [LOG] [Fast Refresh] done in 148ms @ http://localhost:3000/_next/static/chunks/02_9_next_dist_0hfteu1._.js:2431
[  298808ms] [LOG] [Fast Refresh] rebuilding @ http://localhost:3000/_next/static/chunks/02_9_next_dist_0hfteu1._.js:2431
[  298812ms] [LOG] [Fast Refresh] done in 106ms @ http://localhost:3000/_next/static/chunks/02_9_next_dist_0hfteu1._.js:2431
[  299001ms] [LOG] [Fast Refresh] rebuilding @ http://localhost:3000/_next/static/chunks/02_9_next_dist_0hfteu1._.js:2431
[  299059ms] [LOG] [Fast Refresh] done in 162ms @ http://localhost:3000/_next/static/chunks/02_9_next_dist_0hfteu1._.js:2431
[  299536ms] [LOG] [Fast Refresh] rebuilding @ http://localhost:3000/_next/static/chunks/02_9_next_dist_0hfteu1._.js:2431
[  299539ms] [LOG] [Fast Refresh] done in 104ms @ http://localhost:3000/_next/static/chunks/02_9_next_dist_0hfteu1._.js:2431
[  299641ms] [LOG] [Fast Refresh] rebuilding @ http://localhost:3000/_next/static/chunks/02_9_next_dist_0hfteu1._.js:2431
[  299668ms] [LOG] [Fast Refresh] done in 127ms @ http://localhost:3000/_next/static/chunks/02_9_next_dist_0hfteu1._.js:2431
[  300624ms] [LOG] [Fast Refresh] rebuilding @ http://localhost:3000/_next/static/chunks/02_9_next_dist_0hfteu1._.js:2431
[  300639ms] [LOG] [Fast Refresh] done in 119ms @ http://localhost:3000/_next/static/chunks/02_9_next_dist_0hfteu1._.js:2431
[  300840ms] [LOG] [Fast Refresh] rebuilding @ http://localhost:3000/_next/static/chunks/02_9_next_dist_0hfteu1._.js:2431
[  300889ms] [LOG] [Fast Refresh] done in 156ms @ http://localhost:3000/_next/static/chunks/02_9_next_dist_0hfteu1._.js:2431
[  301012ms] [LOG] [Fast Refresh] rebuilding @ http://localhost:3000/_next/static/chunks/02_9_next_dist_0hfteu1._.js:2431
[  301015ms] [LOG] [Fast Refresh] done in 105ms @ http://localhost:3000/_next/static/chunks/02_9_next_dist_0hfteu1._.js:2431
[  301158ms] [LOG] [Fast Refresh] rebuilding @ http://localhost:3000/_next/static/chunks/02_9_next_dist_0hfteu1._.js:2431
[  301183ms] [LOG] [Fast Refresh] done in 134ms @ http://localhost:3000/_next/static/chunks/02_9_next_dist_0hfteu1._.js:2431
[  302571ms] [LOG] [Fast Refresh] rebuilding @ http://localhost:3000/_next/static/chunks/02_9_next_dist_0hfteu1._.js:2431
[  302578ms] [LOG] [Fast Refresh] done in 111ms @ http://localhost:3000/_next/static/chunks/02_9_next_dist_0hfteu1._.js:2431
[  316861ms] [LOG] [Fast Refresh] rebuilding @ http://localhost:3000/_next/static/chunks/02_9_next_dist_0hfteu1._.js:2431
[  316980ms] [LOG] [Fast Refresh] done in 211ms @ http://localhost:3000/_next/static/chunks/02_9_next_dist_0hfteu1._.js:2431
[  317133ms] [LOG] [Fast Refresh] rebuilding @ http://localhost:3000/_next/static/chunks/02_9_next_dist_0hfteu1._.js:2431
[  317339ms] [LOG] [Fast Refresh] done in 314ms @ http://localhost:3000/_next/static/chunks/02_9_next_dist_0hfteu1._.js:2431
[  321448ms] [LOG] [Fast Refresh] rebuilding @ http://localhost:3000/_next/static/chunks/02_9_next_dist_0hfteu1._.js:2431
[  322426ms] [LOG] [Fast Refresh] done in 1068ms @ http://localhost:3000/_next/static/chunks/02_9_next_dist_0hfteu1._.js:2431
[  322775ms] [LOG] [Fast Refresh] rebuilding @ http://localhost:3000/_next/static/chunks/02_9_next_dist_0hfteu1._.js:2431
[  322815ms] [LOG] [Fast Refresh] done in 140ms @ http://localhost:3000/_next/static/chunks/02_9_next_dist_0hfteu1._.js:2431
[  322925ms] [LOG] [Fast Refresh] rebuilding @ http://localhost:3000/_next/static/chunks/02_9_next_dist_0hfteu1._.js:2431
[  322938ms] [LOG] [Fast Refresh] done in 122ms @ http://localhost:3000/_next/static/chunks/02_9_next_dist_0hfteu1._.js:2431
[  323323ms] [LOG] [Fast Refresh] rebuilding @ http://localhost:3000/_next/static/chunks/02_9_next_dist_0hfteu1._.js:2431
[  323433ms] [LOG] [Fast Refresh] done in 213ms @ http://localhost:3000/_next/static/chunks/02_9_next_dist_0hfteu1._.js:2431
[  323790ms] [LOG] [Fast Refresh] rebuilding @ http://localhost:3000/_next/static/chunks/02_9_next_dist_0hfteu1._.js:2431
[  323798ms] [LOG] [Fast Refresh] done in 109ms @ http://localhost:3000/_next/static/chunks/02_9_next_dist_0hfteu1._.js:2431
[  324040ms] [LOG] [Fast Refresh] rebuilding @ http://localhost:3000/_next/static/chunks/02_9_next_dist_0hfteu1._.js:2431
[  324152ms] [LOG] [Fast Refresh] done in 221ms @ http://localhost:3000/_next/static/chunks/02_9_next_dist_0hfteu1._.js:2431
[  324489ms] [LOG] [Fast Refresh] rebuilding @ http://localhost:3000/_next/static/chunks/02_9_next_dist_0hfteu1._.js:2431
[  324508ms] [LOG] [Fast Refresh] done in 121ms @ http://localhost:3000/_next/static/chunks/02_9_next_dist_0hfteu1._.js:2431
[  324639ms] [LOG] [Fast Refresh] rebuilding @ http://localhost:3000/_next/static/chunks/02_9_next_dist_0hfteu1._.js:2431
[  324841ms] [LOG] [Fast Refresh] done in 306ms @ http://localhost:3000/_next/static/chunks/02_9_next_dist_0hfteu1._.js:2431
[  325422ms] [LOG] [Fast Refresh] rebuilding @ http://localhost:3000/_next/static/chunks/02_9_next_dist_0hfteu1._.js:2431
[  325553ms] [LOG] [Fast Refresh] done in 238ms @ http://localhost:3000/_next/static/chunks/02_9_next_dist_0hfteu1._.js:2431
[  325788ms] [LOG] [Fast Refresh] rebuilding @ http://localhost:3000/_next/static/chunks/02_9_next_dist_0hfteu1._.js:2431
[  325807ms] [LOG] [Fast Refresh] done in 130ms @ http://localhost:3000/_next/static/chunks/02_9_next_dist_0hfteu1._.js:2431
[  325929ms] [LOG] [Fast Refresh] rebuilding @ http://localhost:3000/_next/static/chunks/02_9_next_dist_0hfteu1._.js:2431
[  326038ms] [LOG] [Fast Refresh] done in 212ms @ http://localhost:3000/_next/static/chunks/02_9_next_dist_0hfteu1._.js:2431
[  326197ms] [LOG] [Fast Refresh] rebuilding @ http://localhost:3000/_next/static/chunks/02_9_next_dist_0hfteu1._.js:2431
[  326332ms] [LOG] [Fast Refresh] done in 242ms @ http://localhost:3000/_next/static/chunks/02_9_next_dist_0hfteu1._.js:2431
[  326572ms] [LOG] [Fast Refresh] rebuilding @ http://localhost:3000/_next/static/chunks/02_9_next_dist_0hfteu1._.js:2431
[  326606ms] [LOG] [Fast Refresh] done in 139ms @ http://localhost:3000/_next/static/chunks/02_9_next_dist_0hfteu1._.js:2431
[  326716ms] [LOG] [Fast Refresh] rebuilding @ http://localhost:3000/_next/static/chunks/02_9_next_dist_0hfteu1._.js:2431
[  326848ms] [LOG] [Fast Refresh] done in 241ms @ http://localhost:3000/_next/static/chunks/02_9_next_dist_0hfteu1._.js:2431
[  326984ms] [LOG] [Fast Refresh] rebuilding @ http://localhost:3000/_next/static/chunks/02_9_next_dist_0hfteu1._.js:2431
[  327142ms] [LOG] [Fast Refresh] done in 259ms @ http://localhost:3000/_next/static/chunks/02_9_next_dist_0hfteu1._.js:2431
[  327706ms] [LOG] [Fast Refresh] rebuilding @ http://localhost:3000/_next/static/chunks/02_9_next_dist_0hfteu1._.js:2431
[  327833ms] [LOG] [Fast Refresh] done in 228ms @ http://localhost:3000/_next/static/chunks/02_9_next_dist_0hfteu1._.js:2431
[  328132ms] [LOG] [Fast Refresh] rebuilding @ http://localhost:3000/_next/static/chunks/02_9_next_dist_0hfteu1._.js:2431
[  328150ms] [LOG] [Fast Refresh] done in 123ms @ http://localhost:3000/_next/static/chunks/02_9_next_dist_0hfteu1._.js:2431
[  328252ms] [LOG] [Fast Refresh] rebuilding @ http://localhost:3000/_next/static/chunks/02_9_next_dist_0hfteu1._.js:2431
[  328323ms] [LOG] [Fast Refresh] done in 172ms @ http://localhost:3000/_next/static/chunks/02_9_next_dist_0hfteu1._.js:2431
[  328453ms] [LOG] [Fast Refresh] rebuilding @ http://localhost:3000/_next/static/chunks/02_9_next_dist_0hfteu1._.js:2431
[  328501ms] [LOG] [Fast Refresh] done in 152ms @ http://localhost:3000/_next/static/chunks/02_9_next_dist_0hfteu1._.js:2431
[  328603ms] [LOG] [Fast Refresh] rebuilding @ http://localhost:3000/_next/static/chunks/02_9_next_dist_0hfteu1._.js:2431
[  328607ms] [LOG] [Fast Refresh] done in 105ms @ http://localhost:3000/_next/static/chunks/02_9_next_dist_0hfteu1._.js:2431
[  329085ms] [LOG] [Fast Refresh] rebuilding @ http://localhost:3000/_next/static/chunks/02_9_next_dist_0hfteu1._.js:2431
[  329255ms] [LOG] [Fast Refresh] done in 272ms @ http://localhost:3000/_next/static/chunks/02_9_next_dist_0hfteu1._.js:2431
[  329500ms] [LOG] [Fast Refresh] rebuilding @ http://localhost:3000/_next/static/chunks/02_9_next_dist_0hfteu1._.js:2431
[  330267ms] [LOG] [Fast Refresh] done in 569ms @ http://localhost:3000/_next/static/chunks/02_9_next_dist_0hfteu1._.js:2431
[  330547ms] [LOG] [Fast Refresh] rebuilding @ http://localhost:3000/_next/static/chunks/02_9_next_dist_0hfteu1._.js:2431
[  330556ms] [LOG] [Fast Refresh] done in 110ms @ http://localhost:3000/_next/static/chunks/02_9_next_dist_0hfteu1._.js:2431
[  330684ms] [LOG] [Fast Refresh] rebuilding @ http://localhost:3000/_next/static/chunks/02_9_next_dist_0hfteu1._.js:2431
[  330741ms] [LOG] [Fast Refresh] done in 168ms @ http://localhost:3000/_next/static/chunks/02_9_next_dist_0hfteu1._.js:2431
[  330932ms] [LOG] [Fast Refresh] rebuilding @ http://localhost:3000/_next/static/chunks/02_9_next_dist_0hfteu1._.js:2431
[  330933ms] [LOG] [Fast Refresh] done in 103ms @ http://localhost:3000/_next/static/chunks/02_9_next_dist_0hfteu1._.js:2431
[  331052ms] [LOG] [Fast Refresh] rebuilding @ http://localhost:3000/_next/static/chunks/02_9_next_dist_0hfteu1._.js:2431
[  331072ms] [LOG] [Fast Refresh] done in 121ms @ http://localhost:3000/_next/static/chunks/02_9_next_dist_0hfteu1._.js:2431
[  331301ms] [LOG] [Fast Refresh] rebuilding @ http://localhost:3000/_next/static/chunks/02_9_next_dist_0hfteu1._.js:2431
[  331381ms] [LOG] [Fast Refresh] done in 192ms @ http://localhost:3000/_next/static/chunks/02_9_next_dist_0hfteu1._.js:2431
[  331835ms] [LOG] [Fast Refresh] rebuilding @ http://localhost:3000/_next/static/chunks/02_9_next_dist_0hfteu1._.js:2431
[  331844ms] [LOG] [Fast Refresh] done in 110ms @ http://localhost:3000/_next/static/chunks/02_9_next_dist_0hfteu1._.js:2431
[  331962ms] [LOG] [Fast Refresh] rebuilding @ http://localhost:3000/_next/static/chunks/02_9_next_dist_0hfteu1._.js:2431
[  331977ms] [LOG] [Fast Refresh] done in 120ms @ http://localhost:3000/_next/static/chunks/02_9_next_dist_0hfteu1._.js:2431
[  332236ms] [LOG] [Fast Refresh] rebuilding @ http://localhost:3000/_next/static/chunks/02_9_next_dist_0hfteu1._.js:2431
[  332245ms] [LOG] [Fast Refresh] done in 110ms @ http://localhost:3000/_next/static/chunks/02_9_next_dist_0hfteu1._.js:2431
[  332588ms] [LOG] [Fast Refresh] rebuilding @ http://localhost:3000/_next/static/chunks/02_9_next_dist_0hfteu1._.js:2431
[  332589ms] [LOG] [Fast Refresh] done in 102ms @ http://localhost:3000/_next/static/chunks/02_9_next_dist_0hfteu1._.js:2431
[  333017ms] [LOG] [Fast Refresh] rebuilding @ http://localhost:3000/_next/static/chunks/02_9_next_dist_0hfteu1._.js:2431
[  333054ms] [LOG] [Fast Refresh] done in 143ms @ http://localhost:3000/_next/static/chunks/02_9_next_dist_0hfteu1._.js:2431
[  333199ms] [LOG] [Fast Refresh] rebuilding @ http://localhost:3000/_next/static/chunks/02_9_next_dist_0hfteu1._.js:2431
[  333254ms] [LOG] [Fast Refresh] done in 157ms @ http://localhost:3000/_next/static/chunks/02_9_next_dist_0hfteu1._.js:2431
[  333567ms] [LOG] [Fast Refresh] rebuilding @ http://localhost:3000/_next/static/chunks/02_9_next_dist_0hfteu1._.js:2431
[  333658ms] [LOG] [Fast Refresh] done in 194ms @ http://localhost:3000/_next/static/chunks/02_9_next_dist_0hfteu1._.js:2431
[  333947ms] [LOG] [Fast Refresh] rebuilding @ http://localhost:3000/_next/static/chunks/02_9_next_dist_0hfteu1._.js:2431
[  334007ms] [LOG] [Fast Refresh] done in 160ms @ http://localhost:3000/_next/static/chunks/02_9_next_dist_0hfteu1._.js:2431
[  334132ms] [LOG] [Fast Refresh] rebuilding @ http://localhost:3000/_next/static/chunks/02_9_next_dist_0hfteu1._.js:2431
[  334172ms] [LOG] [Fast Refresh] done in 149ms @ http://localhost:3000/_next/static/chunks/02_9_next_dist_0hfteu1._.js:2431
[  334298ms] [LOG] [Fast Refresh] rebuilding @ http://localhost:3000/_next/static/chunks/02_9_next_dist_0hfteu1._.js:2431
[  334509ms] [LOG] [Fast Refresh] done in 311ms @ http://localhost:3000/_next/static/chunks/02_9_next_dist_0hfteu1._.js:2431
[  334817ms] [LOG] [Fast Refresh] rebuilding @ http://localhost:3000/_next/static/chunks/02_9_next_dist_0hfteu1._.js:2431
[  334856ms] [LOG] [Fast Refresh] done in 139ms @ http://localhost:3000/_next/static/chunks/02_9_next_dist_0hfteu1._.js:2431
[  334966ms] [LOG] [Fast Refresh] rebuilding @ http://localhost:3000/_next/static/chunks/02_9_next_dist_0hfteu1._.js:2431
[  335075ms] [LOG] [Fast Refresh] done in 217ms @ http://localhost:3000/_next/static/chunks/02_9_next_dist_0hfteu1._.js:2431
[  335179ms] [LOG] [Fast Refresh] rebuilding @ http://localhost:3000/_next/static/chunks/02_9_next_dist_0hfteu1._.js:2431
[  335231ms] [LOG] [Fast Refresh] done in 153ms @ http://localhost:3000/_next/static/chunks/02_9_next_dist_0hfteu1._.js:2431
[  335365ms] [LOG] [Fast Refresh] rebuilding @ http://localhost:3000/_next/static/chunks/02_9_next_dist_0hfteu1._.js:2431
[  335506ms] [LOG] [Fast Refresh] done in 243ms @ http://localhost:3000/_next/static/chunks/02_9_next_dist_0hfteu1._.js:2431
[  335700ms] [LOG] [Fast Refresh] rebuilding @ http://localhost:3000/_next/static/chunks/02_9_next_dist_0hfteu1._.js:2431
[  335921ms] [LOG] [Fast Refresh] done in 332ms @ http://localhost:3000/_next/static/chunks/02_9_next_dist_0hfteu1._.js:2431
[  336182ms] [LOG] [Fast Refresh] rebuilding @ http://localhost:3000/_next/static/chunks/02_9_next_dist_0hfteu1._.js:2431
[  336203ms] [LOG] [Fast Refresh] done in 130ms @ http://localhost:3000/_next/static/chunks/02_9_next_dist_0hfteu1._.js:2431
[  336308ms] [LOG] [Fast Refresh] rebuilding @ http://localhost:3000/_next/static/chunks/02_9_next_dist_0hfteu1._.js:2431
[  336344ms] [LOG] [Fast Refresh] done in 140ms @ http://localhost:3000/_next/static/chunks/02_9_next_dist_0hfteu1._.js:2431
[  336459ms] [LOG] [Fast Refresh] rebuilding @ http://localhost:3000/_next/static/chunks/02_9_next_dist_0hfteu1._.js:2431
[  336509ms] [LOG] [Fast Refresh] done in 153ms @ http://localhost:3000/_next/static/chunks/02_9_next_dist_0hfteu1._.js:2431
[  336614ms] [LOG] [Fast Refresh] rebuilding @ http://localhost:3000/_next/static/chunks/02_9_next_dist_0hfteu1._.js:2431
[  336864ms] [LOG] [Fast Refresh] done in 351ms @ http://localhost:3000/_next/static/chunks/02_9_next_dist_0hfteu1._.js:2431
[  337171ms] [LOG] [Fast Refresh] rebuilding @ http://localhost:3000/_next/static/chunks/02_9_next_dist_0hfteu1._.js:2431
[  337678ms] [LOG] [Fast Refresh] done in 608ms @ http://localhost:3000/_next/static/chunks/02_9_next_dist_0hfteu1._.js:2431
[  337847ms] [LOG] [Fast Refresh] rebuilding @ http://localhost:3000/_next/static/chunks/02_9_next_dist_0hfteu1._.js:2431
[  337941ms] [LOG] [Fast Refresh] done in 195ms @ http://localhost:3000/_next/static/chunks/02_9_next_dist_0hfteu1._.js:2431
[  338045ms] [LOG] [Fast Refresh] rebuilding @ http://localhost:3000/_next/static/chunks/02_9_next_dist_0hfteu1._.js:2431
[  338225ms] [LOG] [Fast Refresh] done in 282ms @ http://localhost:3000/_next/static/chunks/02_9_next_dist_0hfteu1._.js:2431
[  338381ms] [LOG] [Fast Refresh] rebuilding @ http://localhost:3000/_next/static/chunks/02_9_next_dist_0hfteu1._.js:2431
[  338410ms] [LOG] [Fast Refresh] done in 140ms @ http://localhost:3000/_next/static/chunks/02_9_next_dist_0hfteu1._.js:2431
[  338557ms] [LOG] [Fast Refresh] rebuilding @ http://localhost:3000/_next/static/chunks/02_9_next_dist_0hfteu1._.js:2431
[  338578ms] [LOG] [Fast Refresh] done in 125ms @ http://localhost:3000/_next/static/chunks/02_9_next_dist_0hfteu1._.js:2431
[  338712ms] [LOG] [Fast Refresh] rebuilding @ http://localhost:3000/_next/static/chunks/02_9_next_dist_0hfteu1._.js:2431
[  338759ms] [LOG] [Fast Refresh] done in 157ms @ http://localhost:3000/_next/static/chunks/02_9_next_dist_0hfteu1._.js:2431
[  338862ms] [LOG] [Fast Refresh] rebuilding @ http://localhost:3000/_next/static/chunks/02_9_next_dist_0hfteu1._.js:2431
[  338918ms] [LOG] [Fast Refresh] done in 157ms @ http://localhost:3000/_next/static/chunks/02_9_next_dist_0hfteu1._.js:2431
[  339078ms] [LOG] [Fast Refresh] rebuilding @ http://localhost:3000/_next/static/chunks/02_9_next_dist_0hfteu1._.js:2431
[  339200ms] [LOG] [Fast Refresh] done in 224ms @ http://localhost:3000/_next/static/chunks/02_9_next_dist_0hfteu1._.js:2431
[  339312ms] [LOG] [Fast Refresh] rebuilding @ http://localhost:3000/_next/static/chunks/02_9_next_dist_0hfteu1._.js:2431
[  339438ms] [LOG] [Fast Refresh] done in 228ms @ http://localhost:3000/_next/static/chunks/02_9_next_dist_0hfteu1._.js:2431
[  339580ms] [LOG] [Fast Refresh] rebuilding @ http://localhost:3000/_next/static/chunks/02_9_next_dist_0hfteu1._.js:2431
[  339641ms] [LOG] [Fast Refresh] done in 166ms @ http://localhost:3000/_next/static/chunks/02_9_next_dist_0hfteu1._.js:2431
[  339761ms] [LOG] [Fast Refresh] rebuilding @ http://localhost:3000/_next/static/chunks/02_9_next_dist_0hfteu1._.js:2431
[  339901ms] [LOG] [Fast Refresh] done in 241ms @ http://localhost:3000/_next/static/chunks/02_9_next_dist_0hfteu1._.js:2431
[  340079ms] [LOG] [Fast Refresh] rebuilding @ http://localhost:3000/_next/static/chunks/02_9_next_dist_0hfteu1._.js:2431
[  340228ms] [LOG] [Fast Refresh] done in 253ms @ http://localhost:3000/_next/static/chunks/02_9_next_dist_0hfteu1._.js:2431
[  340436ms] [LOG] [Fast Refresh] rebuilding @ http://localhost:3000/_next/static/chunks/02_9_next_dist_0hfteu1._.js:2431
[  340720ms] [LOG] [Fast Refresh] done in 387ms @ http://localhost:3000/_next/static/chunks/02_9_next_dist_0hfteu1._.js:2431
[  341045ms] [LOG] [Fast Refresh] rebuilding @ http://localhost:3000/_next/static/chunks/02_9_next_dist_0hfteu1._.js:2431
[  341059ms] [LOG] [Fast Refresh] done in 119ms @ http://localhost:3000/_next/static/chunks/02_9_next_dist_0hfteu1._.js:2431
[  341162ms] [LOG] [Fast Refresh] rebuilding @ http://localhost:3000/_next/static/chunks/02_9_next_dist_0hfteu1._.js:2431
[  341283ms] [LOG] [Fast Refresh] done in 224ms @ http://localhost:3000/_next/static/chunks/02_9_next_dist_0hfteu1._.js:2431
[  341478ms] [LOG] [Fast Refresh] rebuilding @ http://localhost:3000/_next/static/chunks/02_9_next_dist_0hfteu1._.js:2431
[  341542ms] [LOG] [Fast Refresh] done in 169ms @ http://localhost:3000/_next/static/chunks/02_9_next_dist_0hfteu1._.js:2431
[  341743ms] [LOG] [Fast Refresh] rebuilding @ http://localhost:3000/_next/static/chunks/02_9_next_dist_0hfteu1._.js:2431
[  341866ms] [LOG] [Fast Refresh] done in 223ms @ http://localhost:3000/_next/static/chunks/02_9_next_dist_0hfteu1._.js:2431
[  342028ms] [LOG] [Fast Refresh] rebuilding @ http://localhost:3000/_next/static/chunks/02_9_next_dist_0hfteu1._.js:2431
[  342429ms] [LOG] [Fast Refresh] done in 510ms @ http://localhost:3000/_next/static/chunks/02_9_next_dist_0hfteu1._.js:2431
[  342761ms] [LOG] [Fast Refresh] rebuilding @ http://localhost:3000/_next/static/chunks/02_9_next_dist_0hfteu1._.js:2431
[  342873ms] [LOG] [Fast Refresh] done in 217ms @ http://localhost:3000/_next/static/chunks/02_9_next_dist_0hfteu1._.js:2431
[  342991ms] [LOG] [Fast Refresh] rebuilding @ http://localhost:3000/_next/static/chunks/02_9_next_dist_0hfteu1._.js:2431
[  343109ms] [LOG] [Fast Refresh] done in 224ms @ http://localhost:3000/_next/static/chunks/02_9_next_dist_0hfteu1._.js:2431
[  343277ms] [LOG] [Fast Refresh] rebuilding @ http://localhost:3000/_next/static/chunks/02_9_next_dist_0hfteu1._.js:2431
[  343338ms] [LOG] [Fast Refresh] done in 172ms @ http://localhost:3000/_next/static/chunks/02_9_next_dist_0hfteu1._.js:2431
[  343441ms] [LOG] [Fast Refresh] rebuilding @ http://localhost:3000/_next/static/chunks/02_9_next_dist_0hfteu1._.js:2431
[  343516ms] [LOG] [Fast Refresh] done in 176ms @ http://localhost:3000/_next/static/chunks/02_9_next_dist_0hfteu1._.js:2431
[  343960ms] [LOG] [Fast Refresh] rebuilding @ http://localhost:3000/_next/static/chunks/02_9_next_dist_0hfteu1._.js:2431
[  344030ms] [LOG] [Fast Refresh] done in 181ms @ http://localhost:3000/_next/static/chunks/02_9_next_dist_0hfteu1._.js:2431
[  344190ms] [LOG] [Fast Refresh] rebuilding @ http://localhost:3000/_next/static/chunks/02_9_next_dist_0hfteu1._.js:2431
[  344447ms] [LOG] [Fast Refresh] done in 360ms @ http://localhost:3000/_next/static/chunks/02_9_next_dist_0hfteu1._.js:2431
[  344776ms] [LOG] [Fast Refresh] rebuilding @ http://localhost:3000/_next/static/chunks/02_9_next_dist_0hfteu1._.js:2431
[  344955ms] [LOG] [Fast Refresh] done in 290ms @ http://localhost:3000/_next/static/chunks/02_9_next_dist_0hfteu1._.js:2431
[  345142ms] [LOG] [Fast Refresh] rebuilding @ http://localhost:3000/_next/static/chunks/02_9_next_dist_0hfteu1._.js:2431
[  345342ms] [LOG] [Fast Refresh] done in 310ms @ http://localhost:3000/_next/static/chunks/02_9_next_dist_0hfteu1._.js:2431
[  345656ms] [LOG] [Fast Refresh] rebuilding @ http://localhost:3000/_next/static/chunks/02_9_next_dist_0hfteu1._.js:2431
[  345966ms] [LOG] [Fast Refresh] done in 411ms @ http://localhost:3000/_next/static/chunks/02_9_next_dist_0hfteu1._.js:2431
[  346308ms] [LOG] [Fast Refresh] rebuilding @ http://localhost:3000/_next/static/chunks/02_9_next_dist_0hfteu1._.js:2431
[  346782ms] [LOG] [Fast Refresh] done in 586ms @ http://localhost:3000/_next/static/chunks/02_9_next_dist_0hfteu1._.js:2431
[  347402ms] [LOG] [Fast Refresh] rebuilding @ http://localhost:3000/_next/static/chunks/02_9_next_dist_0hfteu1._.js:2431
[  347766ms] [LOG] [Fast Refresh] done in 465ms @ http://localhost:3000/_next/static/chunks/02_9_next_dist_0hfteu1._.js:2431
[  348008ms] [LOG] [Fast Refresh] rebuilding @ http://localhost:3000/_next/static/chunks/02_9_next_dist_0hfteu1._.js:2431
[  348123ms] [LOG] [Fast Refresh] done in 228ms @ http://localhost:3000/_next/static/chunks/02_9_next_dist_0hfteu1._.js:2431
[  348238ms] [LOG] [Fast Refresh] rebuilding @ http://localhost:3000/_next/static/chunks/02_9_next_dist_0hfteu1._.js:2431
[  348416ms] [LOG] [Fast Refresh] done in 288ms @ http://localhost:3000/_next/static/chunks/02_9_next_dist_0hfteu1._.js:2431
[  348586ms] [LOG] [Fast Refresh] rebuilding @ http://localhost:3000/_next/static/chunks/02_9_next_dist_0hfteu1._.js:2431
[  349209ms] [LOG] [Fast Refresh] done in 725ms @ http://localhost:3000/_next/static/chunks/02_9_next_dist_0hfteu1._.js:2431
[  349498ms] [LOG] [Fast Refresh] rebuilding @ http://localhost:3000/_next/static/chunks/02_9_next_dist_0hfteu1._.js:2431
[  350650ms] [LOG] [Fast Refresh] done in 1256ms @ http://localhost:3000/_next/static/chunks/02_9_next_dist_0hfteu1._.js:2431
[  350756ms] [LOG] [Fast Refresh] rebuilding @ http://localhost:3000/_next/static/chunks/02_9_next_dist_0hfteu1._.js:2431
[  352249ms] [LOG] [Fast Refresh] done in 1588ms @ http://localhost:3000/_next/static/chunks/02_9_next_dist_0hfteu1._.js:2431
[  352557ms] [LOG] [Fast Refresh] rebuilding @ http://localhost:3000/_next/static/chunks/02_9_next_dist_0hfteu1._.js:2431
[  353055ms] [LOG] [Fast Refresh] done in 604ms @ http://localhost:3000/_next/static/chunks/02_9_next_dist_0hfteu1._.js:2431
[  353241ms] [LOG] [Fast Refresh] rebuilding @ http://localhost:3000/_next/static/chunks/02_9_next_dist_0hfteu1._.js:2431
[  353366ms] [LOG] [Fast Refresh] done in 231ms @ http://localhost:3000/_next/static/chunks/02_9_next_dist_0hfteu1._.js:2431
[  353479ms] [LOG] [Fast Refresh] rebuilding @ http://localhost:3000/_next/static/chunks/02_9_next_dist_0hfteu1._.js:2431
[  353973ms] [LOG] [Fast Refresh] done in 599ms @ http://localhost:3000/_next/static/chunks/02_9_next_dist_0hfteu1._.js:2431
[  354081ms] [LOG] [Fast Refresh] rebuilding @ http://localhost:3000/_next/static/chunks/02_9_next_dist_0hfteu1._.js:2431
[  354187ms] [LOG] [Fast Refresh] done in 208ms @ http://localhost:3000/_next/static/chunks/02_9_next_dist_0hfteu1._.js:2431
[  354443ms] [LOG] [Fast Refresh] rebuilding @ http://localhost:3000/_next/static/chunks/02_9_next_dist_0hfteu1._.js:2431
[  355133ms] [LOG] [Fast Refresh] done in 803ms @ http://localhost:3000/_next/static/chunks/02_9_next_dist_0hfteu1._.js:2431
[  355244ms] [LOG] [Fast Refresh] rebuilding @ http://localhost:3000/_next/static/chunks/02_9_next_dist_0hfteu1._.js:2431
[  356005ms] [LOG] [Fast Refresh] done in 865ms @ http://localhost:3000/_next/static/chunks/02_9_next_dist_0hfteu1._.js:2431
[  356143ms] [LOG] [Fast Refresh] rebuilding @ http://localhost:3000/_next/static/chunks/02_9_next_dist_0hfteu1._.js:2431
[  356234ms] [LOG] [Fast Refresh] done in 194ms @ http://localhost:3000/_next/static/chunks/02_9_next_dist_0hfteu1._.js:2431
[  356366ms] [LOG] [Fast Refresh] rebuilding @ http://localhost:3000/_next/static/chunks/02_9_next_dist_0hfteu1._.js:2431
[  356406ms] [LOG] [Fast Refresh] done in 142ms @ http://localhost:3000/_next/static/chunks/02_9_next_dist_0hfteu1._.js:2431
[  356509ms] [LOG] [Fast Refresh] rebuilding @ http://localhost:3000/_next/static/chunks/02_9_next_dist_0hfteu1._.js:2431
[  356520ms] [LOG] [Fast Refresh] done in 112ms @ http://localhost:3000/_next/static/chunks/02_9_next_dist_0hfteu1._.js:2431
[  357348ms] [LOG] [Fast Refresh] rebuilding @ http://localhost:3000/_next/static/chunks/02_9_next_dist_0hfteu1._.js:2431
[  357419ms] [LOG] [Fast Refresh] done in 173ms @ http://localhost:3000/_next/static/chunks/02_9_next_dist_0hfteu1._.js:2431
[  357599ms] [LOG] [Fast Refresh] rebuilding @ http://localhost:3000/_next/static/chunks/02_9_next_dist_0hfteu1._.js:2431
[  357712ms] [LOG] [Fast Refresh] done in 221ms @ http://localhost:3000/_next/static/chunks/02_9_next_dist_0hfteu1._.js:2431
[  357874ms] [LOG] [Fast Refresh] rebuilding @ http://localhost:3000/_next/static/chunks/02_9_next_dist_0hfteu1._.js:2431
[  357970ms] [LOG] [Fast Refresh] done in 197ms @ http://localhost:3000/_next/static/chunks/02_9_next_dist_0hfteu1._.js:2431
[  358122ms] [LOG] [Fast Refresh] rebuilding @ http://localhost:3000/_next/static/chunks/02_9_next_dist_0hfteu1._.js:2431
[  358236ms] [LOG] [Fast Refresh] done in 215ms @ http://localhost:3000/_next/static/chunks/02_9_next_dist_0hfteu1._.js:2431
[  358381ms] [LOG] [Fast Refresh] rebuilding @ http://localhost:3000/_next/static/chunks/02_9_next_dist_0hfteu1._.js:2431
[  358487ms] [LOG] [Fast Refresh] done in 215ms @ http://localhost:3000/_next/static/chunks/02_9_next_dist_0hfteu1._.js:2431
[  358663ms] [LOG] [Fast Refresh] rebuilding @ http://localhost:3000/_next/static/chunks/02_9_next_dist_0hfteu1._.js:2431
[  358796ms] [LOG] [Fast Refresh] done in 243ms @ http://localhost:3000/_next/static/chunks/02_9_next_dist_0hfteu1._.js:2431
[  359030ms] [LOG] [Fast Refresh] rebuilding @ http://localhost:3000/_next/static/chunks/02_9_next_dist_0hfteu1._.js:2431
[  359130ms] [LOG] [Fast Refresh] done in 206ms @ http://localhost:3000/_next/static/chunks/02_9_next_dist_0hfteu1._.js:2431
[  359330ms] [LOG] [Fast Refresh] rebuilding @ http://localhost:3000/_next/static/chunks/02_9_next_dist_0hfteu1._.js:2431
[  359425ms] [LOG] [Fast Refresh] done in 196ms @ http://localhost:3000/_next/static/chunks/02_9_next_dist_0hfteu1._.js:2431
[  359591ms] [LOG] [Fast Refresh] rebuilding @ http://localhost:3000/_next/static/chunks/02_9_next_dist_0hfteu1._.js:2431
[  359673ms] [LOG] [Fast Refresh] done in 184ms @ http://localhost:3000/_next/static/chunks/02_9_next_dist_0hfteu1._.js:2431
[  359813ms] [LOG] [Fast Refresh] rebuilding @ http://localhost:3000/_next/static/chunks/02_9_next_dist_0hfteu1._.js:2431
[  359898ms] [LOG] [Fast Refresh] done in 192ms @ http://localhost:3000/_next/static/chunks/02_9_next_dist_0hfteu1._.js:2431
[  360046ms] [LOG] [Fast Refresh] rebuilding @ http://localhost:3000/_next/static/chunks/02_9_next_dist_0hfteu1._.js:2431
[  360105ms] [LOG] [Fast Refresh] done in 166ms @ http://localhost:3000/_next/static/chunks/02_9_next_dist_0hfteu1._.js:2431
[  360248ms] [LOG] [Fast Refresh] rebuilding @ http://localhost:3000/_next/static/chunks/02_9_next_dist_0hfteu1._.js:2431
[  360282ms] [LOG] [Fast Refresh] done in 142ms @ http://localhost:3000/_next/static/chunks/02_9_next_dist_0hfteu1._.js:2431
[  360396ms] [LOG] [Fast Refresh] rebuilding @ http://localhost:3000/_next/static/chunks/02_9_next_dist_0hfteu1._.js:2431
[  360445ms] [LOG] [Fast Refresh] done in 162ms @ http://localhost:3000/_next/static/chunks/02_9_next_dist_0hfteu1._.js:2431
[  360585ms] [LOG] [Fast Refresh] rebuilding @ http://localhost:3000/_next/static/chunks/02_9_next_dist_0hfteu1._.js:2431
[  360597ms] [LOG] [Fast Refresh] done in 113ms @ http://localhost:3000/_next/static/chunks/02_9_next_dist_0hfteu1._.js:2431
[  360731ms] [LOG] [Fast Refresh] rebuilding @ http://localhost:3000/_next/static/chunks/02_9_next_dist_0hfteu1._.js:2431
[  360815ms] [LOG] [Fast Refresh] done in 189ms @ http://localhost:3000/_next/static/chunks/02_9_next_dist_0hfteu1._.js:2431
[  360951ms] [LOG] [Fast Refresh] rebuilding @ http://localhost:3000/_next/static/chunks/02_9_next_dist_0hfteu1._.js:2431
[  361023ms] [LOG] [Fast Refresh] done in 174ms @ http://localhost:3000/_next/static/chunks/02_9_next_dist_0hfteu1._.js:2431
[  361162ms] [LOG] [Fast Refresh] rebuilding @ http://localhost:3000/_next/static/chunks/02_9_next_dist_0hfteu1._.js:2431
[  361294ms] [LOG] [Fast Refresh] done in 234ms @ http://localhost:3000/_next/static/chunks/02_9_next_dist_0hfteu1._.js:2431
[  361612ms] [LOG] [Fast Refresh] rebuilding @ http://localhost:3000/_next/static/chunks/02_9_next_dist_0hfteu1._.js:2431
[  361648ms] [LOG] [Fast Refresh] done in 138ms @ http://localhost:3000/_next/static/chunks/02_9_next_dist_0hfteu1._.js:2431
[  361760ms] [LOG] [Fast Refresh] rebuilding @ http://localhost:3000/_next/static/chunks/02_9_next_dist_0hfteu1._.js:2431
[  361809ms] [LOG] [Fast Refresh] done in 160ms @ http://localhost:3000/_next/static/chunks/02_9_next_dist_0hfteu1._.js:2431
[  361946ms] [LOG] [Fast Refresh] rebuilding @ http://localhost:3000/_next/static/chunks/02_9_next_dist_0hfteu1._.js:2431
[  362005ms] [LOG] [Fast Refresh] done in 166ms @ http://localhost:3000/_next/static/chunks/02_9_next_dist_0hfteu1._.js:2431
[  362153ms] [LOG] [Fast Refresh] rebuilding @ http://localhost:3000/_next/static/chunks/02_9_next_dist_0hfteu1._.js:2431
[  362170ms] [LOG] [Fast Refresh] done in 119ms @ http://localhost:3000/_next/static/chunks/02_9_next_dist_0hfteu1._.js:2431
[  362288ms] [LOG] [Fast Refresh] rebuilding @ http://localhost:3000/_next/static/chunks/02_9_next_dist_0hfteu1._.js:2431
[  362327ms] [LOG] [Fast Refresh] done in 141ms @ http://localhost:3000/_next/static/chunks/02_9_next_dist_0hfteu1._.js:2431
[  362543ms] [LOG] [Fast Refresh] rebuilding @ http://localhost:3000/_next/static/chunks/02_9_next_dist_0hfteu1._.js:2431
[  363080ms] [LOG] [Fast Refresh] done in 644ms @ http://localhost:3000/_next/static/chunks/02_9_next_dist_0hfteu1._.js:2431
[  363225ms] [LOG] [Fast Refresh] rebuilding @ http://localhost:3000/_next/static/chunks/02_9_next_dist_0hfteu1._.js:2431
[  363246ms] [LOG] [Fast Refresh] done in 130ms @ http://localhost:3000/_next/static/chunks/02_9_next_dist_0hfteu1._.js:2431
[  363369ms] [LOG] [Fast Refresh] rebuilding @ http://localhost:3000/_next/static/chunks/02_9_next_dist_0hfteu1._.js:2431
[  363423ms] [LOG] [Fast Refresh] done in 159ms @ http://localhost:3000/_next/static/chunks/02_9_next_dist_0hfteu1._.js:2431
[  363559ms] [LOG] [Fast Refresh] rebuilding @ http://localhost:3000/_next/static/chunks/02_9_next_dist_0hfteu1._.js:2431
[  363566ms] [LOG] [Fast Refresh] done in 116ms @ http://localhost:3000/_next/static/chunks/02_9_next_dist_0hfteu1._.js:2431
[  364026ms] [LOG] [Fast Refresh] rebuilding @ http://localhost:3000/_next/static/chunks/02_9_next_dist_0hfteu1._.js:2431
[  364040ms] [LOG] [Fast Refresh] done in 124ms @ http://localhost:3000/_next/static/chunks/02_9_next_dist_0hfteu1._.js:2431
[  364159ms] [LOG] [Fast Refresh] rebuilding @ http://localhost:3000/_next/static/chunks/02_9_next_dist_0hfteu1._.js:2431
[  364167ms] [LOG] [Fast Refresh] done in 112ms @ http://localhost:3000/_next/static/chunks/02_9_next_dist_0hfteu1._.js:2431
[  364630ms] [LOG] [Fast Refresh] rebuilding @ http://localhost:3000/_next/static/chunks/02_9_next_dist_0hfteu1._.js:2431
[  364647ms] [LOG] [Fast Refresh] done in 118ms @ http://localhost:3000/_next/static/chunks/02_9_next_dist_0hfteu1._.js:2431
[  364771ms] [LOG] [Fast Refresh] rebuilding @ http://localhost:3000/_next/static/chunks/02_9_next_dist_0hfteu1._.js:2431
[  364804ms] [LOG] [Fast Refresh] done in 140ms @ http://localhost:3000/_next/static/chunks/02_9_next_dist_0hfteu1._.js:2431
[  364942ms] [LOG] [Fast Refresh] rebuilding @ http://localhost:3000/_next/static/chunks/02_9_next_dist_0hfteu1._.js:2431
[  364963ms] [LOG] [Fast Refresh] done in 122ms @ http://localhost:3000/_next/static/chunks/02_9_next_dist_0hfteu1._.js:2431
[  365073ms] [LOG] [Fast Refresh] rebuilding @ http://localhost:3000/_next/static/chunks/02_9_next_dist_0hfteu1._.js:2431
[  365112ms] [LOG] [Fast Refresh] done in 148ms @ http://localhost:3000/_next/static/chunks/02_9_next_dist_0hfteu1._.js:2431
[  365248ms] [LOG] [Fast Refresh] rebuilding @ http://localhost:3000/_next/static/chunks/02_9_next_dist_0hfteu1._.js:2431
[  365261ms] [LOG] [Fast Refresh] done in 115ms @ http://localhost:3000/_next/static/chunks/02_9_next_dist_0hfteu1._.js:2431
[  365389ms] [LOG] [Fast Refresh] rebuilding @ http://localhost:3000/_next/static/chunks/02_9_next_dist_0hfteu1._.js:2431
[  365428ms] [LOG] [Fast Refresh] done in 146ms @ http://localhost:3000/_next/static/chunks/02_9_next_dist_0hfteu1._.js:2431
[  365558ms] [LOG] [Fast Refresh] rebuilding @ http://localhost:3000/_next/static/chunks/02_9_next_dist_0hfteu1._.js:2431
[  365574ms] [LOG] [Fast Refresh] done in 121ms @ http://localhost:3000/_next/static/chunks/02_9_next_dist_0hfteu1._.js:2431
[  365697ms] [LOG] [Fast Refresh] rebuilding @ http://localhost:3000/_next/static/chunks/02_9_next_dist_0hfteu1._.js:2431
[  365736ms] [LOG] [Fast Refresh] done in 141ms @ http://localhost:3000/_next/static/chunks/02_9_next_dist_0hfteu1._.js:2431
[  365876ms] [LOG] [Fast Refresh] rebuilding @ http://localhost:3000/_next/static/chunks/02_9_next_dist_0hfteu1._.js:2431
[  365895ms] [LOG] [Fast Refresh] done in 124ms @ http://localhost:3000/_next/static/chunks/02_9_next_dist_0hfteu1._.js:2431
[  366024ms] [LOG] [Fast Refresh] rebuilding @ http://localhost:3000/_next/static/chunks/02_9_next_dist_0hfteu1._.js:2431
[  366052ms] [LOG] [Fast Refresh] done in 134ms @ http://localhost:3000/_next/static/chunks/02_9_next_dist_0hfteu1._.js:2431
[  366154ms] [LOG] [Fast Refresh] rebuilding @ http://localhost:3000/_next/static/chunks/02_9_next_dist_0hfteu1._.js:2431
[  366184ms] [LOG] [Fast Refresh] done in 131ms @ http://localhost:3000/_next/static/chunks/02_9_next_dist_0hfteu1._.js:2431
[  367386ms] [LOG] [Fast Refresh] rebuilding @ http://localhost:3000/_next/static/chunks/02_9_next_dist_0hfteu1._.js:2431
[  367390ms] [LOG] [Fast Refresh] done in 111ms @ http://localhost:3000/_next/static/chunks/02_9_next_dist_0hfteu1._.js:2431
[  367536ms] [LOG] [Fast Refresh] rebuilding @ http://localhost:3000/_next/static/chunks/02_9_next_dist_0hfteu1._.js:2431
[  367585ms] [LOG] [Fast Refresh] done in 153ms @ http://localhost:3000/_next/static/chunks/02_9_next_dist_0hfteu1._.js:2431
[  367737ms] [LOG] [Fast Refresh] rebuilding @ http://localhost:3000/_next/static/chunks/02_9_next_dist_0hfteu1._.js:2431
[  367745ms] [LOG] [Fast Refresh] done in 119ms @ http://localhost:3000/_next/static/chunks/02_9_next_dist_0hfteu1._.js:2431
[  367873ms] [LOG] [Fast Refresh] rebuilding @ http://localhost:3000/_next/static/chunks/02_9_next_dist_0hfteu1._.js:2431
[  367879ms] [LOG] [Fast Refresh] done in 110ms @ http://localhost:3000/_next/static/chunks/02_9_next_dist_0hfteu1._.js:2431
[  368114ms] [LOG] [Fast Refresh] rebuilding @ http://localhost:3000/_next/static/chunks/02_9_next_dist_0hfteu1._.js:2431
[  368174ms] [LOG] [Fast Refresh] done in 172ms @ http://localhost:3000/_next/static/chunks/02_9_next_dist_0hfteu1._.js:2431
