[     582ms] [INFO] %cDownload the React DevTools for a better development experience: https://react.dev/link/react-devtools font-weight:bold @ http://localhost:3000/_next/static/chunks/02_9_next_dist_0hfteu1._.js:2431
[     797ms] [LOG] [HMR] connected @ http://localhost:3000/_next/static/chunks/02_9_next_dist_0hfteu1._.js:2431
[   62603ms] [ERROR] %o

%s Error: ErrorEvent
    at resolveErrorDev (http://localhost:3000/_next/static/chunks/02_9_next_dist_compiled_react-server-dom-turbopack_0ndj-0c._.js:1919:150)
    at processFullStringRow (http://localhost:3000/_next/static/chunks/02_9_next_dist_compiled_react-server-dom-turbopack_0ndj-0c._.js:2434:29)
    at processFullBinaryRow (http://localhost:3000/_next/static/chunks/02_9_next_dist_compiled_react-server-dom-turbopack_0ndj-0c._.js:2393:9)
    at processBinaryChunk (http://localhost:3000/_next/static/chunks/02_9_next_dist_compiled_react-server-dom-turbopack_0ndj-0c._.js:2502:221)
    at progress (http://localhost:3000/_next/static/chunks/02_9_next_dist_compiled_react-server-dom-turbopack_0ndj-0c._.js:2689:13) The above error occurred in the <ModulePage> component. It was handled by the <ErrorBoundary> error boundary. @ http://localhost:3000/_next/static/chunks/02_9_next_dist_client_0n9mnch._.js:1998
[   62605ms] [ERROR] Uncaught error: Error: ErrorEvent
    at resolveErrorDev (http://localhost:3000/_next/static/chunks/02_9_next_dist_compiled_react-server-dom-turbopack_0ndj-0c._.js:1919:150)
    at processFullStringRow (http://localhost:3000/_next/static/chunks/02_9_next_dist_compiled_react-server-dom-turbopack_0ndj-0c._.js:2434:29)
    at processFullBinaryRow (http://localhost:3000/_next/static/chunks/02_9_next_dist_compiled_react-server-dom-turbopack_0ndj-0c._.js:2393:9)
    at processBinaryChunk (http://localhost:3000/_next/static/chunks/02_9_next_dist_compiled_react-server-dom-turbopack_0ndj-0c._.js:2502:221)
    at progress (http://localhost:3000/_next/static/chunks/02_9_next_dist_compiled_react-server-dom-turbopack_0ndj-0c._.js:2689:13) {componentStack: 
    at ModulePage (about://React/Server/D:%5CKerj…unks/02_9_next_dist_client_0n9mnch._.js:15096:17)} @ http://localhost:3000/_next/static/chunks/02_9_next_dist_0hfteu1._.js:3272
[   99062ms] [LOG] [Fast Refresh] rebuilding @ http://localhost:3000/_next/static/chunks/02_9_next_dist_0hfteu1._.js:2431
[   99944ms] [LOG] [Fast Refresh] done in 979ms @ http://localhost:3000/_next/static/chunks/02_9_next_dist_0hfteu1._.js:2431
[  100194ms] [LOG] [Fast Refresh] rebuilding @ http://localhost:3000/_next/static/chunks/02_9_next_dist_0hfteu1._.js:2431
[  100676ms] [LOG] [Fast Refresh] done in 591ms @ http://localhost:3000/_next/static/chunks/02_9_next_dist_0hfteu1._.js:2431
[  100843ms] [LOG] [Fast Refresh] rebuilding @ http://localhost:3000/_next/static/chunks/02_9_next_dist_0hfteu1._.js:2431
[  100890ms] [LOG] [Fast Refresh] done in 150ms @ http://localhost:3000/_next/static/chunks/02_9_next_dist_0hfteu1._.js:2431
[  111259ms] [LOG] [Fast Refresh] rebuilding @ http://localhost:3000/_next/static/chunks/02_9_next_dist_0hfteu1._.js:2431
[  111353ms] [LOG] [Fast Refresh] done in 207ms @ http://localhost:3000/_next/static/chunks/02_9_next_dist_0hfteu1._.js:2431
[  113296ms] [LOG] [Fast Refresh] rebuilding @ http://localhost:3000/_next/static/chunks/02_9_next_dist_0hfteu1._.js:2431
[  113408ms] [LOG] [Fast Refresh] done in 213ms @ http://localhost:3000/_next/static/chunks/02_9_next_dist_0hfteu1._.js:2431
[  160125ms] [LOG] [Fast Refresh] rebuilding @ http://localhost:3000/_next/static/chunks/02_9_next_dist_0hfteu1._.js:2431
[  160189ms] [LOG] [Fast Refresh] done in 167ms @ http://localhost:3000/_next/static/chunks/02_9_next_dist_0hfteu1._.js:2431
[  216718ms] [LOG] [Fast Refresh] rebuilding @ http://localhost:3000/_next/static/chunks/02_9_next_dist_0hfteu1._.js:2431
[  216718ms] [LOG] [Fast Refresh] done in 112ms @ http://localhost:3000/_next/static/chunks/02_9_next_dist_0hfteu1._.js:2431
[  220957ms] [LOG] [Fast Refresh] rebuilding @ http://localhost:3000/_next/static/chunks/02_9_next_dist_0hfteu1._.js:2431
[  221242ms] [LOG] [Fast Refresh] done in 398ms @ http://localhost:3000/_next/static/chunks/02_9_next_dist_0hfteu1._.js:2431
[  221425ms] [LOG] [Fast Refresh] rebuilding @ http://localhost:3000/_next/static/chunks/02_9_next_dist_0hfteu1._.js:2431
[  222052ms] [LOG] [Fast Refresh] done in 714ms @ http://localhost:3000/_next/static/chunks/02_9_next_dist_0hfteu1._.js:2431
[  222262ms] [LOG] [Fast Refresh] rebuilding @ http://localhost:3000/_next/static/chunks/02_9_next_dist_0hfteu1._.js:2431
[  222729ms] [LOG] [Fast Refresh] done in 577ms @ http://localhost:3000/_next/static/chunks/02_9_next_dist_0hfteu1._.js:2431
[  222868ms] [LOG] [Fast Refresh] rebuilding @ http://localhost:3000/_next/static/chunks/02_9_next_dist_0hfteu1._.js:2431
[  223772ms] [LOG] [Fast Refresh] done in 1014ms @ http://localhost:3000/_next/static/chunks/02_9_next_dist_0hfteu1._.js:2431
[  230831ms] [LOG] [Fast Refresh] rebuilding @ http://localhost:3000/_next/static/chunks/02_9_next_dist_0hfteu1._.js:2431
[  230868ms] [LOG] [Fast Refresh] done in 141ms @ http://localhost:3000/_next/static/chunks/02_9_next_dist_0hfteu1._.js:2431
[  233847ms] [LOG] [Fast Refresh] rebuilding @ http://localhost:3000/_next/static/chunks/02_9_next_dist_0hfteu1._.js:2431
[  233922ms] [LOG] [Fast Refresh] done in 185ms @ http://localhost:3000/_next/static/chunks/02_9_next_dist_0hfteu1._.js:2431
[  234036ms] [LOG] [Fast Refresh] rebuilding @ http://localhost:3000/_next/static/chunks/02_9_next_dist_0hfteu1._.js:2431
[  234087ms] [LOG] [Fast Refresh] done in 162ms @ http://localhost:3000/_next/static/chunks/02_9_next_dist_0hfteu1._.js:2431
[  240945ms] [LOG] [Fast Refresh] rebuilding @ http://localhost:3000/_next/static/chunks/02_9_next_dist_0hfteu1._.js:2431
[  241003ms] [LOG] [Fast Refresh] done in 169ms @ http://localhost:3000/_next/static/chunks/02_9_next_dist_0hfteu1._.js:2431
[  241369ms] [LOG] [Fast Refresh] rebuilding @ http://localhost:3000/_next/static/chunks/02_9_next_dist_0hfteu1._.js:2431
[  241399ms] [LOG] [Fast Refresh] done in 136ms @ http://localhost:3000/_next/static/chunks/02_9_next_dist_0hfteu1._.js:2431
[  243016ms] [LOG] [Fast Refresh] rebuilding @ http://localhost:3000/_next/static/chunks/02_9_next_dist_0hfteu1._.js:2431
[  243454ms] [LOG] [Fast Refresh] done in 552ms @ http://localhost:3000/_next/static/chunks/02_9_next_dist_0hfteu1._.js:2431
[  243747ms] [LOG] [Fast Refresh] rebuilding @ http://localhost:3000/_next/static/chunks/02_9_next_dist_0hfteu1._.js:2431
[  244223ms] [LOG] [Fast Refresh] done in 582ms @ http://localhost:3000/_next/static/chunks/02_9_next_dist_0hfteu1._.js:2431
[  296579ms] [LOG] [Fast Refresh] rebuilding @ http://localhost:3000/_next/static/chunks/02_9_next_dist_0hfteu1._.js:2431
[  297118ms] [LOG] [Fast Refresh] done in 652ms @ http://localhost:3000/_next/static/chunks/02_9_next_dist_0hfteu1._.js:2431
[  306426ms] [LOG] [Fast Refresh] rebuilding @ http://localhost:3000/_next/static/chunks/02_9_next_dist_0hfteu1._.js:2431
[  306628ms] [LOG] [Fast Refresh] done in 315ms @ http://localhost:3000/_next/static/chunks/02_9_next_dist_0hfteu1._.js:2431
[  307785ms] [LOG] [Fast Refresh] rebuilding @ http://localhost:3000/_next/static/chunks/02_9_next_dist_0hfteu1._.js:2431
[  307822ms] [LOG] [Fast Refresh] done in 140ms @ http://localhost:3000/_next/static/chunks/02_9_next_dist_0hfteu1._.js:2431
[  308107ms] [LOG] [Fast Refresh] rebuilding @ http://localhost:3000/_next/static/chunks/02_9_next_dist_0hfteu1._.js:2431
[  308186ms] [LOG] [Fast Refresh] done in 188ms @ http://localhost:3000/_next/static/chunks/02_9_next_dist_0hfteu1._.js:2431
[  317816ms] [LOG] [Fast Refresh] rebuilding @ http://localhost:3000/_next/static/chunks/02_9_next_dist_0hfteu1._.js:2431
[  317926ms] [LOG] [Fast Refresh] done in 217ms @ http://localhost:3000/_next/static/chunks/02_9_next_dist_0hfteu1._.js:2431
[  318427ms] [LOG] [Fast Refresh] rebuilding @ http://localhost:3000/_next/static/chunks/02_9_next_dist_0hfteu1._.js:2431
[  318506ms] [LOG] [Fast Refresh] done in 183ms @ http://localhost:3000/_next/static/chunks/02_9_next_dist_0hfteu1._.js:2431
[  347350ms] [LOG] [Fast Refresh] rebuilding @ http://localhost:3000/_next/static/chunks/02_9_next_dist_0hfteu1._.js:2431
[  348847ms] [LOG] [Fast Refresh] done in 1548ms @ http://localhost:3000/_next/static/chunks/02_9_next_dist_0hfteu1._.js:2431
[  349173ms] [LOG] [Fast Refresh] rebuilding @ http://localhost:3000/_next/static/chunks/02_9_next_dist_0hfteu1._.js:2431
[  349615ms] [LOG] [Fast Refresh] done in 547ms @ http://localhost:3000/_next/static/chunks/02_9_next_dist_0hfteu1._.js:2431
[  350187ms] [LOG] [Fast Refresh] rebuilding @ http://localhost:3000/_next/static/chunks/02_9_next_dist_0hfteu1._.js:2431
[  350606ms] [LOG] [Fast Refresh] done in 528ms @ http://localhost:3000/_next/static/chunks/02_9_next_dist_0hfteu1._.js:2431
[  350777ms] [LOG] [Fast Refresh] rebuilding @ http://localhost:3000/_next/static/chunks/02_9_next_dist_0hfteu1._.js:2431
[  350802ms] [LOG] [Fast Refresh] done in 126ms @ http://localhost:3000/_next/static/chunks/02_9_next_dist_0hfteu1._.js:2431
[  350907ms] [LOG] [Fast Refresh] rebuilding @ http://localhost:3000/_next/static/chunks/02_9_next_dist_0hfteu1._.js:2431
[  351404ms] [LOG] [Fast Refresh] done in 598ms @ http://localhost:3000/_next/static/chunks/02_9_next_dist_0hfteu1._.js:2431
[  351535ms] [LOG] [Fast Refresh] rebuilding @ http://localhost:3000/_next/static/chunks/02_9_next_dist_0hfteu1._.js:2431
[  351684ms] [LOG] [Fast Refresh] done in 255ms @ http://localhost:3000/_next/static/chunks/02_9_next_dist_0hfteu1._.js:2431
[  354355ms] [LOG] [Fast Refresh] rebuilding @ http://localhost:3000/_next/static/chunks/02_9_next_dist_0hfteu1._.js:2431
[  354626ms] [LOG] [Fast Refresh] done in 378ms @ http://localhost:3000/_next/static/chunks/02_9_next_dist_0hfteu1._.js:2431
[  367831ms] [LOG] [Fast Refresh] rebuilding @ http://localhost:3000/_next/static/chunks/02_9_next_dist_0hfteu1._.js:2431
[  368554ms] [LOG] [Fast Refresh] done in 823ms @ http://localhost:3000/_next/static/chunks/02_9_next_dist_0hfteu1._.js:2431
[  433387ms] [LOG] [Fast Refresh] rebuilding @ http://localhost:3000/_next/static/chunks/02_9_next_dist_0hfteu1._.js:2431
[  433546ms] [LOG] [Fast Refresh] done in 257ms @ http://localhost:3000/_next/static/chunks/02_9_next_dist_0hfteu1._.js:2431
[  433773ms] [LOG] [Fast Refresh] rebuilding @ http://localhost:3000/_next/static/chunks/02_9_next_dist_0hfteu1._.js:2431
[  434404ms] [LOG] [Fast Refresh] done in 756ms @ http://localhost:3000/_next/static/chunks/02_9_next_dist_0hfteu1._.js:2431
[  434953ms] [LOG] [Fast Refresh] rebuilding @ http://localhost:3000/_next/static/chunks/02_9_next_dist_0hfteu1._.js:2431
[  435338ms] [LOG] [Fast Refresh] done in 493ms @ http://localhost:3000/_next/static/chunks/02_9_next_dist_0hfteu1._.js:2431
[  456733ms] [LOG] [Fast Refresh] rebuilding @ http://localhost:3000/_next/static/chunks/02_9_next_dist_0hfteu1._.js:2431
[  456815ms] [LOG] [Fast Refresh] done in 182ms @ http://localhost:3000/_next/static/chunks/02_9_next_dist_0hfteu1._.js:2431
[  457235ms] [LOG] [Fast Refresh] rebuilding @ http://localhost:3000/_next/static/chunks/02_9_next_dist_0hfteu1._.js:2431
[  457304ms] [LOG] [Fast Refresh] done in 170ms @ http://localhost:3000/_next/static/chunks/02_9_next_dist_0hfteu1._.js:2431
[  458962ms] [LOG] [Fast Refresh] rebuilding @ http://localhost:3000/_next/static/chunks/02_9_next_dist_0hfteu1._.js:2431
[  459478ms] [LOG] [Fast Refresh] done in 625ms @ http://localhost:3000/_next/static/chunks/02_9_next_dist_0hfteu1._.js:2431
[  467523ms] [LOG] [Fast Refresh] rebuilding @ http://localhost:3000/_next/static/chunks/02_9_next_dist_0hfteu1._.js:2431
[  467524ms] [LOG] [Fast Refresh] done in 101ms @ http://localhost:3000/_next/static/chunks/02_9_next_dist_0hfteu1._.js:2431
[  483041ms] [LOG] [Fast Refresh] rebuilding @ http://localhost:3000/_next/static/chunks/02_9_next_dist_0hfteu1._.js:2431
[  483050ms] [LOG] [Fast Refresh] done in 118ms @ http://localhost:3000/_next/static/chunks/02_9_next_dist_0hfteu1._.js:2431
[  499314ms] [LOG] [Fast Refresh] rebuilding @ http://localhost:3000/_next/static/chunks/02_9_next_dist_0hfteu1._.js:2431
[  499476ms] [LOG] [Fast Refresh] done in 266ms @ http://localhost:3000/_next/static/chunks/02_9_next_dist_0hfteu1._.js:2431
[  585028ms] [LOG] [Fast Refresh] rebuilding @ http://localhost:3000/_next/static/chunks/02_9_next_dist_0hfteu1._.js:2431
[  585099ms] [LOG] [Fast Refresh] done in 173ms @ http://localhost:3000/_next/static/chunks/02_9_next_dist_0hfteu1._.js:2431
[  585235ms] [LOG] [Fast Refresh] rebuilding @ http://localhost:3000/_next/static/chunks/02_9_next_dist_0hfteu1._.js:2431
[  585798ms] [LOG] [Fast Refresh] done in 663ms @ http://localhost:3000/_next/static/chunks/02_9_next_dist_0hfteu1._.js:2431
[  586886ms] [LOG] [Fast Refresh] rebuilding @ http://localhost:3000/_next/static/chunks/02_9_next_dist_0hfteu1._.js:2431
[  586887ms] [LOG] [Fast Refresh] done in 101ms @ http://localhost:3000/_next/static/chunks/02_9_next_dist_0hfteu1._.js:2431
[  841185ms] [LOG] [Fast Refresh] rebuilding @ http://localhost:3000/_next/static/chunks/02_9_next_dist_0hfteu1._.js:2431
[  841227ms] [LOG] [Fast Refresh] done in 151ms @ http://localhost:3000/_next/static/chunks/02_9_next_dist_0hfteu1._.js:2431
[  841333ms] [LOG] [Fast Refresh] rebuilding @ http://localhost:3000/_next/static/chunks/02_9_next_dist_0hfteu1._.js:2431
[  841412ms] [LOG] [Fast Refresh] done in 183ms @ http://localhost:3000/_next/static/chunks/02_9_next_dist_0hfteu1._.js:2431
[  841518ms] [LOG] [Fast Refresh] rebuilding @ http://localhost:3000/_next/static/chunks/02_9_next_dist_0hfteu1._.js:2431
[  841565ms] [LOG] [Fast Refresh] done in 151ms @ http://localhost:3000/_next/static/chunks/02_9_next_dist_0hfteu1._.js:2431
[  851694ms] [LOG] [Fast Refresh] rebuilding @ http://localhost:3000/_next/static/chunks/02_9_next_dist_0hfteu1._.js:2431
[  851695ms] [LOG] [Fast Refresh] done in 104ms @ http://localhost:3000/_next/static/chunks/02_9_next_dist_0hfteu1._.js:2431
