[     534ms] [INFO] %cDownload the React DevTools for a better development experience: https://react.dev/link/react-devtools font-weight:bold @ http://localhost:3000/_next/static/chunks/02_9_next_dist_0hfteu1._.js:2431
[     683ms] [LOG] [HMR] connected @ http://localhost:3000/_next/static/chunks/02_9_next_dist_0hfteu1._.js:2431
[     913ms] [LOG] [Fast Refresh] rebuilding @ http://localhost:3000/_next/static/chunks/02_9_next_dist_0hfteu1._.js:2431
[     939ms] [LOG] [Fast Refresh] done in 126ms @ http://localhost:3000/_next/static/chunks/02_9_next_dist_0hfteu1._.js:2431
[   21930ms] [LOG] [Fast Refresh] rebuilding @ http://localhost:3000/_next/static/chunks/02_9_next_dist_0hfteu1._.js:2431
[   21993ms] [LOG] [Fast Refresh] done in 171ms @ http://localhost:3000/_next/static/chunks/02_9_next_dist_0hfteu1._.js:2431
[   30480ms] [LOG] [Fast Refresh] rebuilding @ http://localhost:3000/_next/static/chunks/02_9_next_dist_0hfteu1._.js:2431
[   30543ms] [LOG] [Fast Refresh] done in 166ms @ http://localhost:3000/_next/static/chunks/02_9_next_dist_0hfteu1._.js:2431
[   37538ms] [LOG] [Fast Refresh] rebuilding @ http://localhost:3000/_next/static/chunks/02_9_next_dist_0hfteu1._.js:2431
[   37553ms] [LOG] [Fast Refresh] done in 118ms @ http://localhost:3000/_next/static/chunks/02_9_next_dist_0hfteu1._.js:2431
[   37661ms] [LOG] [Fast Refresh] rebuilding @ http://localhost:3000/_next/static/chunks/02_9_next_dist_0hfteu1._.js:2431
[   37664ms] [LOG] [Fast Refresh] done in 107ms @ http://localhost:3000/_next/static/chunks/02_9_next_dist_0hfteu1._.js:2431
[   37987ms] [LOG] [Fast Refresh] rebuilding @ http://localhost:3000/_next/static/chunks/02_9_next_dist_0hfteu1._.js:2431
[   38138ms] [LOG] [Fast Refresh] done in 255ms @ http://localhost:3000/_next/static/chunks/02_9_next_dist_0hfteu1._.js:2431
[   39592ms] [LOG] [Fast Refresh] rebuilding @ http://localhost:3000/_next/static/chunks/02_9_next_dist_0hfteu1._.js:2431
[   39655ms] [LOG] [Fast Refresh] done in 167ms @ http://localhost:3000/_next/static/chunks/02_9_next_dist_0hfteu1._.js:2431
[   57674ms] [LOG] [Fast Refresh] rebuilding @ http://localhost:3000/_next/static/chunks/02_9_next_dist_0hfteu1._.js:2431
[   57757ms] [LOG] [Fast Refresh] done in 193ms @ http://localhost:3000/_next/static/chunks/02_9_next_dist_0hfteu1._.js:2431
[   59740ms] [LOG] [Fast Refresh] rebuilding @ http://localhost:3000/_next/static/chunks/02_9_next_dist_0hfteu1._.js:2431
[   59806ms] [LOG] [Fast Refresh] done in 169ms @ http://localhost:3000/_next/static/chunks/02_9_next_dist_0hfteu1._.js:2431
[   72109ms] [LOG] [Fast Refresh] rebuilding @ http://localhost:3000/_next/static/chunks/02_9_next_dist_0hfteu1._.js:2431
[   72181ms] [LOG] [Fast Refresh] done in 175ms @ http://localhost:3000/_next/static/chunks/02_9_next_dist_0hfteu1._.js:2431
[   83251ms] [LOG] [Fast Refresh] rebuilding @ http://localhost:3000/_next/static/chunks/02_9_next_dist_0hfteu1._.js:2431
[   83275ms] [LOG] [Fast Refresh] done in 131ms @ http://localhost:3000/_next/static/chunks/02_9_next_dist_0hfteu1._.js:2431
[   93815ms] [LOG] [Fast Refresh] rebuilding @ http://localhost:3000/_next/static/chunks/02_9_next_dist_0hfteu1._.js:2431
[   93953ms] [LOG] [Fast Refresh] done in 239ms @ http://localhost:3000/_next/static/chunks/02_9_next_dist_0hfteu1._.js:2431
[   94658ms] [LOG] [Fast Refresh] rebuilding @ http://localhost:3000/_next/static/chunks/02_9_next_dist_0hfteu1._.js:2431
[   94670ms] [LOG] [Fast Refresh] done in 120ms @ http://localhost:3000/_next/static/chunks/02_9_next_dist_0hfteu1._.js:2431
[   95908ms] [LOG] [Fast Refresh] rebuilding @ http://localhost:3000/_next/static/chunks/02_9_next_dist_0hfteu1._.js:2431
[   95967ms] [LOG] [Fast Refresh] done in 160ms @ http://localhost:3000/_next/static/chunks/02_9_next_dist_0hfteu1._.js:2431
[   96156ms] [LOG] [Fast Refresh] rebuilding @ http://localhost:3000/_next/static/chunks/02_9_next_dist_0hfteu1._.js:2431
[   96207ms] [LOG] [Fast Refresh] done in 155ms @ http://localhost:3000/_next/static/chunks/02_9_next_dist_0hfteu1._.js:2431
[  117042ms] [LOG] [Fast Refresh] rebuilding @ http://localhost:3000/_next/static/chunks/02_9_next_dist_0hfteu1._.js:2431
[  117062ms] [LOG] [Fast Refresh] done in 125ms @ http://localhost:3000/_next/static/chunks/02_9_next_dist_0hfteu1._.js:2431
[  117724ms] [LOG] [Fast Refresh] rebuilding @ http://localhost:3000/_next/static/chunks/02_9_next_dist_0hfteu1._.js:2431
[  117797ms] [LOG] [Fast Refresh] done in 175ms @ http://localhost:3000/_next/static/chunks/02_9_next_dist_0hfteu1._.js:2431
[  137161ms] [LOG] [Fast Refresh] rebuilding @ http://localhost:3000/_next/static/chunks/02_9_next_dist_0hfteu1._.js:2431
[  137198ms] [LOG] [Fast Refresh] done in 145ms @ http://localhost:3000/_next/static/chunks/02_9_next_dist_0hfteu1._.js:2431
[  144518ms] [LOG] [Fast Refresh] rebuilding @ http://localhost:3000/_next/static/chunks/02_9_next_dist_0hfteu1._.js:2431
[  144538ms] [LOG] [Fast Refresh] done in 123ms @ http://localhost:3000/_next/static/chunks/02_9_next_dist_0hfteu1._.js:2431
[  144655ms] [LOG] [Fast Refresh] rebuilding @ http://localhost:3000/_next/static/chunks/02_9_next_dist_0hfteu1._.js:2431
[  144987ms] [LOG] [Fast Refresh] done in 437ms @ http://localhost:3000/_next/static/chunks/02_9_next_dist_0hfteu1._.js:2431
[  193456ms] [LOG] [Fast Refresh] rebuilding @ http://localhost:3000/_next/static/chunks/02_9_next_dist_0hfteu1._.js:2431
[  193491ms] [LOG] [Fast Refresh] done in 145ms @ http://localhost:3000/_next/static/chunks/02_9_next_dist_0hfteu1._.js:2431
