[    1032ms] [INFO] %cDownload the React DevTools for a better development experience: https://react.dev/link/react-devtools font-weight:bold @ http://localhost:3000/_next/static/chunks/02_9_next_dist_0hfteu1._.js:2431
[    1265ms] [LOG] [HMR] connected @ http://localhost:3000/_next/static/chunks/02_9_next_dist_0hfteu1._.js:2431
[    1624ms] [LOG] [Fast Refresh] rebuilding @ http://localhost:3000/_next/static/chunks/02_9_next_dist_0hfteu1._.js:2431
[    1732ms] [LOG] [Fast Refresh] done in 218ms @ http://localhost:3000/_next/static/chunks/02_9_next_dist_0hfteu1._.js:2431
[  202532ms] [ERROR] Failed to load resource: the server responded with a status of 401 (Unauthorized) @ http://localhost:3000/api/auth/login:0
[  207268ms] [LOG] [Fast Refresh] rebuilding @ http://localhost:3000/_next/static/chunks/02_9_next_dist_0hfteu1._.js:2431
[  207398ms] [LOG] [Fast Refresh] done in 230ms @ http://localhost:3000/_next/static/chunks/02_9_next_dist_0hfteu1._.js:2431
[  215556ms] [LOG] [Fast Refresh] rebuilding @ http://localhost:3000/_next/static/chunks/02_9_next_dist_0hfteu1._.js:2431
[  215569ms] [LOG] [Fast Refresh] done in 115ms @ http://localhost:3000/_next/static/chunks/02_9_next_dist_0hfteu1._.js:2431
[  217708ms] [LOG] [Fast Refresh] rebuilding @ http://localhost:3000/_next/static/chunks/02_9_next_dist_0hfteu1._.js:2431
[  217788ms] [LOG] [Fast Refresh] done in 188ms @ http://localhost:3000/_next/static/chunks/02_9_next_dist_0hfteu1._.js:2431
[  318528ms] [LOG] [Fast Refresh] rebuilding @ http://localhost:3000/_next/static/chunks/02_9_next_dist_0hfteu1._.js:2431
[  318603ms] [LOG] [Fast Refresh] done in 189ms @ http://localhost:3000/_next/static/chunks/02_9_next_dist_0hfteu1._.js:2431
[  331919ms] [LOG] [Fast Refresh] rebuilding @ http://localhost:3000/_next/static/chunks/02_9_next_dist_0hfteu1._.js:2431
[  331984ms] [LOG] [Fast Refresh] done in 166ms @ http://localhost:3000/_next/static/chunks/02_9_next_dist_0hfteu1._.js:2431
[  336656ms] [LOG] [Fast Refresh] rebuilding @ http://localhost:3000/_next/static/chunks/02_9_next_dist_0hfteu1._.js:2431
[  336771ms] [LOG] [Fast Refresh] done in 222ms @ http://localhost:3000/_next/static/chunks/02_9_next_dist_0hfteu1._.js:2431
[  344717ms] [LOG] [Fast Refresh] rebuilding @ http://localhost:3000/_next/static/chunks/02_9_next_dist_0hfteu1._.js:2431
[  344790ms] [LOG] [Fast Refresh] done in 179ms @ http://localhost:3000/_next/static/chunks/02_9_next_dist_0hfteu1._.js:2431
[  503713ms] [LOG] [Fast Refresh] rebuilding @ http://localhost:3000/_next/static/chunks/02_9_next_dist_0hfteu1._.js:2431
[  503873ms] [LOG] [Fast Refresh] done in 220ms @ http://localhost:3000/_next/static/chunks/02_9_next_dist_0hfteu1._.js:2431
[  511568ms] [LOG] [Fast Refresh] rebuilding @ http://localhost:3000/_next/static/chunks/02_9_next_dist_0hfteu1._.js:2431
[  511632ms] [LOG] [Fast Refresh] done in 175ms @ http://localhost:3000/_next/static/chunks/02_9_next_dist_0hfteu1._.js:2431
[  511978ms] [LOG] [Fast Refresh] rebuilding @ http://localhost:3000/_next/static/chunks/02_9_next_dist_0hfteu1._.js:2431
[  512058ms] [LOG] [Fast Refresh] done in 181ms @ http://localhost:3000/_next/static/chunks/02_9_next_dist_0hfteu1._.js:2431
[  522121ms] [LOG] [Fast Refresh] rebuilding @ http://localhost:3000/_next/static/chunks/02_9_next_dist_0hfteu1._.js:2431
[  522127ms] [LOG] [Fast Refresh] done in 110ms @ http://localhost:3000/_next/static/chunks/02_9_next_dist_0hfteu1._.js:2431
[  558700ms] [INFO] %cDownload the React DevTools for a better development experience: https://react.dev/link/react-devtools font-weight:bold @ http://localhost:3000/_next/static/chunks/02_9_next_dist_0hfteu1._.js:2431
[  558748ms] [LOG] [HMR] connected @ http://localhost:3000/_next/static/chunks/02_9_next_dist_0hfteu1._.js:2431
[  586736ms] [LOG] [Fast Refresh] rebuilding @ http://localhost:3000/_next/static/chunks/02_9_next_dist_0hfteu1._.js:2431
[  587044ms] [LOG] [Fast Refresh] done in 412ms @ http://localhost:3000/_next/static/chunks/02_9_next_dist_0hfteu1._.js:2431
[  587516ms] [WARNING] The width(-1) and height(-1) of chart should be greater than 0,
       please check the style of container, or the props width(100%) and height(100%),
       or add a minWidth(1) or minHeight(1) or use aspect(undefined) to control the
       height and width. @ http://localhost:3000/_next/static/chunks/02_9_next_dist_0hfteu1._.js:2431
[  587517ms] [WARNING] The width(-1) and height(-1) of chart should be greater than 0,
       please check the style of container, or the props width(100%) and height(100%),
       or add a minWidth(1) or minHeight(1) or use aspect(undefined) to control the
       height and width. @ http://localhost:3000/_next/static/chunks/02_9_next_dist_0hfteu1._.js:2431
[  587519ms] [WARNING] The width(-1) and height(-1) of chart should be greater than 0,
       please check the style of container, or the props width(100%) and height(100%),
       or add a minWidth(1) or minHeight(1) or use aspect(undefined) to control the
       height and width. @ http://localhost:3000/_next/static/chunks/02_9_next_dist_0hfteu1._.js:2431
[  587520ms] [WARNING] The width(-1) and height(-1) of chart should be greater than 0,
       please check the style of container, or the props width(100%) and height(100%),
       or add a minWidth(1) or minHeight(1) or use aspect(undefined) to control the
       height and width. @ http://localhost:3000/_next/static/chunks/02_9_next_dist_0hfteu1._.js:2431
[  587521ms] [WARNING] The width(-1) and height(-1) of chart should be greater than 0,
       please check the style of container, or the props width(100%) and height(100%),
       or add a minWidth(1) or minHeight(1) or use aspect(undefined) to control the
       height and width. @ http://localhost:3000/_next/static/chunks/02_9_next_dist_0hfteu1._.js:2431
[  587522ms] [WARNING] The width(-1) and height(-1) of chart should be greater than 0,
       please check the style of container, or the props width(100%) and height(100%),
       or add a minWidth(1) or minHeight(1) or use aspect(undefined) to control the
       height and width. @ http://localhost:3000/_next/static/chunks/02_9_next_dist_0hfteu1._.js:2431
[  587523ms] [WARNING] The width(-1) and height(-1) of chart should be greater than 0,
       please check the style of container, or the props width(100%) and height(100%),
       or add a minWidth(1) or minHeight(1) or use aspect(undefined) to control the
       height and width. @ http://localhost:3000/_next/static/chunks/02_9_next_dist_0hfteu1._.js:2431
[  587524ms] [WARNING] The width(-1) and height(-1) of chart should be greater than 0,
       please check the style of container, or the props width(100%) and height(100%),
       or add a minWidth(1) or minHeight(1) or use aspect(undefined) to control the
       height and width. @ http://localhost:3000/_next/static/chunks/02_9_next_dist_0hfteu1._.js:2431
[  589947ms] [ERROR] %o

%s Error: ErrorEvent
    at resolveErrorDev (http://localhost:3000/_next/static/chunks/02_9_next_dist_compiled_react-server-dom-turbopack_0ndj-0c._.js:1919:150)
    at processFullStringRow (http://localhost:3000/_next/static/chunks/02_9_next_dist_compiled_react-server-dom-turbopack_0ndj-0c._.js:2434:29)
    at processFullBinaryRow (http://localhost:3000/_next/static/chunks/02_9_next_dist_compiled_react-server-dom-turbopack_0ndj-0c._.js:2393:9)
    at processBinaryChunk (http://localhost:3000/_next/static/chunks/02_9_next_dist_compiled_react-server-dom-turbopack_0ndj-0c._.js:2502:221)
    at progress (http://localhost:3000/_next/static/chunks/02_9_next_dist_compiled_react-server-dom-turbopack_0ndj-0c._.js:2689:13) The above error occurred in the <TestCaseManagementPage> component. It was handled by the <ErrorBoundary> error boundary. @ http://localhost:3000/_next/static/chunks/02_9_next_dist_client_0n9mnch._.js:1998
[  589950ms] [ERROR] Uncaught error: Error: ErrorEvent
    at resolveErrorDev (http://localhost:3000/_next/static/chunks/02_9_next_dist_compiled_react-server-dom-turbopack_0ndj-0c._.js:1919:150)
    at processFullStringRow (http://localhost:3000/_next/static/chunks/02_9_next_dist_compiled_react-server-dom-turbopack_0ndj-0c._.js:2434:29)
    at processFullBinaryRow (http://localhost:3000/_next/static/chunks/02_9_next_dist_compiled_react-server-dom-turbopack_0ndj-0c._.js:2393:9)
    at processBinaryChunk (http://localhost:3000/_next/static/chunks/02_9_next_dist_compiled_react-server-dom-turbopack_0ndj-0c._.js:2502:221)
    at progress (http://localhost:3000/_next/static/chunks/02_9_next_dist_compiled_react-server-dom-turbopack_0ndj-0c._.js:2689:13) {componentStack: 
    at TestCaseManagementPage (about://React/Serv…unks/02_9_next_dist_client_0n9mnch._.js:15096:17)} @ http://localhost:3000/_next/static/chunks/02_9_next_dist_0hfteu1._.js:3272
[  591626ms] [LOG] [Fast Refresh] rebuilding @ http://localhost:3000/_next/static/chunks/02_9_next_dist_0hfteu1._.js:2431
[  591642ms] [LOG] [Fast Refresh] done in 118ms @ http://localhost:3000/_next/static/chunks/02_9_next_dist_0hfteu1._.js:2431
[  621472ms] [LOG] [Fast Refresh] rebuilding @ http://localhost:3000/_next/static/chunks/02_9_next_dist_0hfteu1._.js:2431
[  621489ms] [LOG] [Fast Refresh] done in 122ms @ http://localhost:3000/_next/static/chunks/02_9_next_dist_0hfteu1._.js:2431
[  631382ms] [LOG] [Fast Refresh] rebuilding @ http://localhost:3000/_next/static/chunks/02_9_next_dist_0hfteu1._.js:2431
[  631453ms] [LOG] [Fast Refresh] done in 175ms @ http://localhost:3000/_next/static/chunks/02_9_next_dist_0hfteu1._.js:2431
[  658159ms] [LOG] [Fast Refresh] rebuilding @ http://localhost:3000/_next/static/chunks/02_9_next_dist_0hfteu1._.js:2431
[  658222ms] [LOG] [Fast Refresh] done in 167ms @ http://localhost:3000/_next/static/chunks/02_9_next_dist_0hfteu1._.js:2431
[  688732ms] [LOG] [Fast Refresh] rebuilding @ http://localhost:3000/_next/static/chunks/02_9_next_dist_0hfteu1._.js:2431
[  688797ms] [LOG] [Fast Refresh] done in 169ms @ http://localhost:3000/_next/static/chunks/02_9_next_dist_0hfteu1._.js:2431
[  695985ms] [LOG] [Fast Refresh] rebuilding @ http://localhost:3000/_next/static/chunks/02_9_next_dist_0hfteu1._.js:2431
[  696049ms] [LOG] [Fast Refresh] done in 165ms @ http://localhost:3000/_next/static/chunks/02_9_next_dist_0hfteu1._.js:2431
